{"/Users/chidozienwoga/Documents/Sendit-react/src/AppRouter/AppRouter.jsx": {"path":"/Users/chidozienwoga/Documents/Sendit-react/src/AppRouter/AppRouter.jsx","statementMap":{"0":{"start":{"line":11,"column":18},"end":{"line":20,"column":1}},"1":{"start":{"line":12,"column":2},"end":{"line":19,"column":13}}},"fnMap":{"0":{"name":"(anonymous_0)","decl":{"start":{"line":11,"column":18},"end":{"line":11,"column":19}},"loc":{"start":{"line":12,"column":2},"end":{"line":19,"column":13}},"line":12}},"branchMap":{},"s":{"0":1,"1":1},"f":{"0":1},"b":{},"_coverageSchema":"43e27e138ebf9cfc5966b082cf9a028302ed4184","hash":"1bac8eb11cd8da5df99b9e27a6d526c6db735c0b"}
,"/Users/chidozienwoga/Documents/Sendit-react/src/AppRouter/index.js": {"path":"/Users/chidozienwoga/Documents/Sendit-react/src/AppRouter/index.js","statementMap":{},"fnMap":{},"branchMap":{},"s":{},"f":{},"b":{},"_coverageSchema":"43e27e138ebf9cfc5966b082cf9a028302ed4184","hash":"6758ccf5ee237fd0887359313993ce86c257f690"}
,"/Users/chidozienwoga/Documents/Sendit-react/src/Auth/Logout/Logout.jsx": {"path":"/Users/chidozienwoga/Documents/Sendit-react/src/Auth/Logout/Logout.jsx","statementMap":{"0":{"start":{"line":7,"column":37},"end":{"line":7,"column":47}},"1":{"start":{"line":8,"column":4},"end":{"line":8,"column":18}},"2":{"start":{"line":9,"column":4},"end":{"line":9,"column":22}},"3":{"start":{"line":13,"column":4},"end":{"line":13,"column":16}},"4":{"start":{"line":16,"column":27},"end":{"line":18,"column":2}},"5":{"start":{"line":16,"column":40},"end":{"line":18,"column":1}},"6":{"start":{"line":17,"column":21},"end":{"line":17,"column":43}},"7":{"start":{"line":19,"column":12},"end":{"line":22,"column":1}}},"fnMap":{"0":{"name":"(anonymous_0)","decl":{"start":{"line":6,"column":2},"end":{"line":6,"column":3}},"loc":{"start":{"line":6,"column":22},"end":{"line":10,"column":3}},"line":6},"1":{"name":"(anonymous_1)","decl":{"start":{"line":12,"column":2},"end":{"line":12,"column":3}},"loc":{"start":{"line":12,"column":11},"end":{"line":14,"column":3}},"line":12},"2":{"name":"(anonymous_2)","decl":{"start":{"line":16,"column":27},"end":{"line":16,"column":28}},"loc":{"start":{"line":16,"column":40},"end":{"line":18,"column":1}},"line":16},"3":{"name":"(anonymous_3)","decl":{"start":{"line":17,"column":15},"end":{"line":17,"column":16}},"loc":{"start":{"line":17,"column":21},"end":{"line":17,"column":43}},"line":17}},"branchMap":{},"s":{"0":0,"1":0,"2":0,"3":0,"4":2,"5":0,"6":0,"7":2},"f":{"0":0,"1":0,"2":0,"3":0},"b":{},"_coverageSchema":"43e27e138ebf9cfc5966b082cf9a028302ed4184","hash":"e5675ad2cadf02f21d7f36ce1fa7c122b320ef20"}
,"/Users/chidozienwoga/Documents/Sendit-react/src/Auth/Logout/index.js": {"path":"/Users/chidozienwoga/Documents/Sendit-react/src/Auth/Logout/index.js","statementMap":{},"fnMap":{},"branchMap":{},"s":{},"f":{},"b":{},"_coverageSchema":"43e27e138ebf9cfc5966b082cf9a028302ed4184","hash":"d86586e4b5f006ec3440dd399311ee6eadc24447"}
,"/Users/chidozienwoga/Documents/Sendit-react/src/Auth/Signin/Signin.jsx": {"path":"/Users/chidozienwoga/Documents/Sendit-react/src/Auth/Signin/Signin.jsx","statementMap":{"0":{"start":{"line":9,"column":30},"end":{"line":9,"column":40}},"1":{"start":{"line":10,"column":4},"end":{"line":12,"column":5}},"2":{"start":{"line":11,"column":6},"end":{"line":11,"column":31}},"3":{"start":{"line":16,"column":27},"end":{"line":16,"column":37}},"4":{"start":{"line":17,"column":4},"end":{"line":17,"column":23}},"5":{"start":{"line":21,"column":26},"end":{"line":21,"column":36}},"6":{"start":{"line":22,"column":4},"end":{"line":22,"column":77}},"7":{"start":{"line":26,"column":31},"end":{"line":29,"column":2}},"8":{"start":{"line":26,"column":41},"end":{"line":29,"column":1}},"9":{"start":{"line":31,"column":34},"end":{"line":33,"column":2}},"10":{"start":{"line":31,"column":47},"end":{"line":33,"column":1}},"11":{"start":{"line":32,"column":24},"end":{"line":32,"column":51}},"12":{"start":{"line":35,"column":12},"end":{"line":38,"column":1}},"13":{"start":{"line":39,"column":0},"end":{"line":44,"column":2}}},"fnMap":{"0":{"name":"(anonymous_0)","decl":{"start":{"line":8,"column":2},"end":{"line":8,"column":3}},"loc":{"start":{"line":8,"column":23},"end":{"line":13,"column":3}},"line":8},"1":{"name":"(anonymous_1)","decl":{"start":{"line":15,"column":17},"end":{"line":15,"column":18}},"loc":{"start":{"line":15,"column":33},"end":{"line":18,"column":3}},"line":15},"2":{"name":"(anonymous_2)","decl":{"start":{"line":20,"column":2},"end":{"line":20,"column":3}},"loc":{"start":{"line":20,"column":11},"end":{"line":23,"column":3}},"line":20},"3":{"name":"(anonymous_3)","decl":{"start":{"line":26,"column":31},"end":{"line":26,"column":32}},"loc":{"start":{"line":26,"column":41},"end":{"line":29,"column":1}},"line":26},"4":{"name":"(anonymous_4)","decl":{"start":{"line":31,"column":34},"end":{"line":31,"column":35}},"loc":{"start":{"line":31,"column":47},"end":{"line":33,"column":1}},"line":31},"5":{"name":"(anonymous_5)","decl":{"start":{"line":32,"column":14},"end":{"line":32,"column":15}},"loc":{"start":{"line":32,"column":24},"end":{"line":32,"column":51}},"line":32}},"branchMap":{"0":{"loc":{"start":{"line":10,"column":4},"end":{"line":12,"column":5}},"type":"if","locations":[{"start":{"line":10,"column":4},"end":{"line":12,"column":5}},{"start":{"line":10,"column":4},"end":{"line":12,"column":5}}],"line":10}},"s":{"0":0,"1":0,"2":0,"3":1,"4":1,"5":8,"6":8,"7":2,"8":2,"9":2,"10":2,"11":1,"12":2,"13":2},"f":{"0":0,"1":1,"2":8,"3":2,"4":2,"5":1},"b":{"0":[0,0]},"_coverageSchema":"43e27e138ebf9cfc5966b082cf9a028302ed4184","hash":"de3418c23940cf1b47562af5199efc65d7e4ce0c"}
,"/Users/chidozienwoga/Documents/Sendit-react/src/Auth/Signin/index.js": {"path":"/Users/chidozienwoga/Documents/Sendit-react/src/Auth/Signin/index.js","statementMap":{},"fnMap":{},"branchMap":{},"s":{},"f":{},"b":{},"_coverageSchema":"43e27e138ebf9cfc5966b082cf9a028302ed4184","hash":"4b68eee11cff899ee8ff9bb4fd6de50b94404ed2"}
,"/Users/chidozienwoga/Documents/Sendit-react/src/Auth/Signin/SigninForm/index.jsx": {"path":"/Users/chidozienwoga/Documents/Sendit-react/src/Auth/Signin/SigninForm/index.jsx","statementMap":{"0":{"start":{"line":14,"column":19},"end":{"line":79,"column":1}},"1":{"start":{"line":15,"column":2},"end":{"line":78,"column":9}},"2":{"start":{"line":80,"column":0},"end":{"line":85,"column":2}}},"fnMap":{"0":{"name":"(anonymous_0)","decl":{"start":{"line":14,"column":19},"end":{"line":14,"column":20}},"loc":{"start":{"line":15,"column":2},"end":{"line":78,"column":9}},"line":15}},"branchMap":{"0":{"loc":{"start":{"line":17,"column":7},"end":{"line":21,"column":7}},"type":"binary-expr","locations":[{"start":{"line":17,"column":7},"end":{"line":17,"column":16}},{"start":{"line":18,"column":8},"end":{"line":20,"column":14}}],"line":17},"1":{"loc":{"start":{"line":67,"column":26},"end":{"line":67,"column":48}},"type":"binary-expr","locations":[{"start":{"line":67,"column":26},"end":{"line":67,"column":34}},{"start":{"line":67,"column":38},"end":{"line":67,"column":48}}],"line":67}},"s":{"0":2,"1":12,"2":2},"f":{"0":12},"b":{"0":[12,1],"1":[12,4]},"_coverageSchema":"43e27e138ebf9cfc5966b082cf9a028302ed4184","hash":"ee7282f0be6d10b37b3e7274ef5d3202a10f88de"}
,"/Users/chidozienwoga/Documents/Sendit-react/src/Auth/Signup/Signup.jsx": {"path":"/Users/chidozienwoga/Documents/Sendit-react/src/Auth/Signup/Signup.jsx","statementMap":{"0":{"start":{"line":9,"column":30},"end":{"line":9,"column":40}},"1":{"start":{"line":10,"column":4},"end":{"line":12,"column":5}},"2":{"start":{"line":11,"column":6},"end":{"line":11,"column":31}},"3":{"start":{"line":16,"column":30},"end":{"line":16,"column":40}},"4":{"start":{"line":17,"column":4},"end":{"line":17,"column":32}},"5":{"start":{"line":21,"column":4},"end":{"line":21,"column":55}},"6":{"start":{"line":24,"column":31},"end":{"line":27,"column":2}},"7":{"start":{"line":24,"column":41},"end":{"line":27,"column":1}},"8":{"start":{"line":29,"column":34},"end":{"line":31,"column":2}},"9":{"start":{"line":29,"column":47},"end":{"line":31,"column":1}},"10":{"start":{"line":30,"column":27},"end":{"line":30,"column":57}},"11":{"start":{"line":33,"column":12},"end":{"line":36,"column":1}},"12":{"start":{"line":37,"column":0},"end":{"line":42,"column":2}}},"fnMap":{"0":{"name":"(anonymous_0)","decl":{"start":{"line":8,"column":2},"end":{"line":8,"column":3}},"loc":{"start":{"line":8,"column":23},"end":{"line":13,"column":3}},"line":8},"1":{"name":"(anonymous_1)","decl":{"start":{"line":15,"column":17},"end":{"line":15,"column":18}},"loc":{"start":{"line":15,"column":33},"end":{"line":18,"column":3}},"line":15},"2":{"name":"(anonymous_2)","decl":{"start":{"line":20,"column":2},"end":{"line":20,"column":3}},"loc":{"start":{"line":20,"column":11},"end":{"line":22,"column":3}},"line":20},"3":{"name":"(anonymous_3)","decl":{"start":{"line":24,"column":31},"end":{"line":24,"column":32}},"loc":{"start":{"line":24,"column":41},"end":{"line":27,"column":1}},"line":24},"4":{"name":"(anonymous_4)","decl":{"start":{"line":29,"column":34},"end":{"line":29,"column":35}},"loc":{"start":{"line":29,"column":47},"end":{"line":31,"column":1}},"line":29},"5":{"name":"(anonymous_5)","decl":{"start":{"line":30,"column":17},"end":{"line":30,"column":18}},"loc":{"start":{"line":30,"column":27},"end":{"line":30,"column":57}},"line":30}},"branchMap":{"0":{"loc":{"start":{"line":10,"column":4},"end":{"line":12,"column":5}},"type":"if","locations":[{"start":{"line":10,"column":4},"end":{"line":12,"column":5}},{"start":{"line":10,"column":4},"end":{"line":12,"column":5}}],"line":10}},"s":{"0":0,"1":0,"2":0,"3":1,"4":1,"5":7,"6":2,"7":2,"8":2,"9":2,"10":1,"11":2,"12":2},"f":{"0":0,"1":1,"2":7,"3":2,"4":2,"5":1},"b":{"0":[0,0]},"_coverageSchema":"43e27e138ebf9cfc5966b082cf9a028302ed4184","hash":"b3f9fae100f18a12d642e607baf04b6b4a980ede"}
,"/Users/chidozienwoga/Documents/Sendit-react/src/Auth/Signup/index.js": {"path":"/Users/chidozienwoga/Documents/Sendit-react/src/Auth/Signup/index.js","statementMap":{},"fnMap":{},"branchMap":{},"s":{},"f":{},"b":{},"_coverageSchema":"43e27e138ebf9cfc5966b082cf9a028302ed4184","hash":"05433530c74459b0e1cf39eaad8174ec9d1e8907"}
,"/Users/chidozienwoga/Documents/Sendit-react/src/Auth/Signup/SignupForm/index.jsx": {"path":"/Users/chidozienwoga/Documents/Sendit-react/src/Auth/Signup/SignupForm/index.jsx","statementMap":{"0":{"start":{"line":14,"column":19},"end":{"line":103,"column":1}},"1":{"start":{"line":15,"column":2},"end":{"line":102,"column":9}},"2":{"start":{"line":104,"column":0},"end":{"line":109,"column":2}}},"fnMap":{"0":{"name":"(anonymous_0)","decl":{"start":{"line":14,"column":19},"end":{"line":14,"column":20}},"loc":{"start":{"line":15,"column":2},"end":{"line":102,"column":9}},"line":15}},"branchMap":{"0":{"loc":{"start":{"line":17,"column":7},"end":{"line":21,"column":7}},"type":"binary-expr","locations":[{"start":{"line":17,"column":7},"end":{"line":17,"column":16}},{"start":{"line":18,"column":8},"end":{"line":20,"column":14}}],"line":17},"1":{"loc":{"start":{"line":83,"column":26},"end":{"line":83,"column":48}},"type":"binary-expr","locations":[{"start":{"line":83,"column":26},"end":{"line":83,"column":34}},{"start":{"line":83,"column":38},"end":{"line":83,"column":48}}],"line":83}},"s":{"0":2,"1":11,"2":2},"f":{"0":11},"b":{"0":[11,0],"1":[11,4]},"_coverageSchema":"43e27e138ebf9cfc5966b082cf9a028302ed4184","hash":"1445056cce5084c72273eb7b0738f5460eac6d8f"}
,"/Users/chidozienwoga/Documents/Sendit-react/src/components/Input/Input.jsx": {"path":"/Users/chidozienwoga/Documents/Sendit-react/src/components/Input/Input.jsx","statementMap":{"0":{"start":{"line":4,"column":19},"end":{"line":6,"column":1}},"1":{"start":{"line":5,"column":2},"end":{"line":5,"column":80}}},"fnMap":{"0":{"name":"(anonymous_0)","decl":{"start":{"line":4,"column":19},"end":{"line":4,"column":20}},"loc":{"start":{"line":5,"column":2},"end":{"line":5,"column":80}},"line":5}},"branchMap":{},"s":{"0":4,"1":76},"f":{"0":76},"b":{},"_coverageSchema":"43e27e138ebf9cfc5966b082cf9a028302ed4184","hash":"989c0715a5e2900a70b32bfbf8fd1ff0f26ff3dc"}
,"/Users/chidozienwoga/Documents/Sendit-react/src/components/Input/index.js": {"path":"/Users/chidozienwoga/Documents/Sendit-react/src/components/Input/index.js","statementMap":{},"fnMap":{},"branchMap":{},"s":{},"f":{},"b":{},"_coverageSchema":"43e27e138ebf9cfc5966b082cf9a028302ed4184","hash":"22c39e66f7416700c4faf65225a31e2b2153d4fe"}
,"/Users/chidozienwoga/Documents/Sendit-react/src/components/Table/Table.jsx": {"path":"/Users/chidozienwoga/Documents/Sendit-react/src/components/Table/Table.jsx","statementMap":{"0":{"start":{"line":6,"column":16},"end":{"line":76,"column":1}},"1":{"start":{"line":25,"column":2},"end":{"line":75,"column":10}},"2":{"start":{"line":29,"column":10},"end":{"line":29,"column":36}},"3":{"start":{"line":36,"column":12},"end":{"line":49,"column":14}},"4":{"start":{"line":52,"column":12},"end":{"line":72,"column":14}},"5":{"start":{"line":78,"column":0},"end":{"line":97,"column":2}}},"fnMap":{"0":{"name":"(anonymous_0)","decl":{"start":{"line":6,"column":16},"end":{"line":6,"column":17}},"loc":{"start":{"line":25,"column":2},"end":{"line":75,"column":10}},"line":25},"1":{"name":"(anonymous_1)","decl":{"start":{"line":28,"column":24},"end":{"line":28,"column":25}},"loc":{"start":{"line":29,"column":10},"end":{"line":29,"column":36}},"line":29},"2":{"name":"(anonymous_2)","decl":{"start":{"line":35,"column":20},"end":{"line":35,"column":21}},"loc":{"start":{"line":36,"column":12},"end":{"line":49,"column":14}},"line":36},"3":{"name":"(anonymous_3)","decl":{"start":{"line":51,"column":22},"end":{"line":51,"column":23}},"loc":{"start":{"line":52,"column":12},"end":{"line":72,"column":14}},"line":52}},"branchMap":{"0":{"loc":{"start":{"line":34,"column":7},"end":{"line":73,"column":12}},"type":"cond-expr","locations":[{"start":{"line":35,"column":10},"end":{"line":50,"column":12}},{"start":{"line":51,"column":10},"end":{"line":73,"column":12}}],"line":34}},"s":{"0":3,"1":2,"2":20,"3":0,"4":0,"5":3},"f":{"0":2,"1":20,"2":0,"3":0},"b":{"0":[0,2]},"_coverageSchema":"43e27e138ebf9cfc5966b082cf9a028302ed4184","hash":"01ce05b7312c836b6e608b936b68582fa7c04e31"}
,"/Users/chidozienwoga/Documents/Sendit-react/src/components/Table/index.js": {"path":"/Users/chidozienwoga/Documents/Sendit-react/src/components/Table/index.js","statementMap":{},"fnMap":{},"branchMap":{},"s":{},"f":{},"b":{},"_coverageSchema":"43e27e138ebf9cfc5966b082cf9a028302ed4184","hash":"54a97bee15c5dc73cd2e20aaaa0cd20f71b659c7"}
,"/Users/chidozienwoga/Documents/Sendit-react/src/components/TableRow/TableRow.jsx": {"path":"/Users/chidozienwoga/Documents/Sendit-react/src/components/TableRow/TableRow.jsx","statementMap":{"0":{"start":{"line":26,"column":46},"end":{"line":26,"column":56}},"1":{"start":{"line":28,"column":6},"end":{"line":28,"column":78}},"2":{"start":{"line":29,"column":4},"end":{"line":34,"column":5}},"3":{"start":{"line":30,"column":6},"end":{"line":32,"column":9}},"4":{"start":{"line":33,"column":6},"end":{"line":33,"column":13}},"5":{"start":{"line":35,"column":28},"end":{"line":35,"column":49}},"6":{"start":{"line":36,"column":4},"end":{"line":38,"column":7}},"7":{"start":{"line":42,"column":23},"end":{"line":42,"column":33}},"8":{"start":{"line":43,"column":4},"end":{"line":48,"column":5}},"9":{"start":{"line":44,"column":6},"end":{"line":47,"column":9}},"10":{"start":{"line":49,"column":4},"end":{"line":54,"column":5}},"11":{"start":{"line":50,"column":6},"end":{"line":53,"column":9}},"12":{"start":{"line":55,"column":4},"end":{"line":60,"column":5}},"13":{"start":{"line":56,"column":6},"end":{"line":59,"column":9}},"14":{"start":{"line":64,"column":29},"end":{"line":64,"column":39}},"15":{"start":{"line":65,"column":4},"end":{"line":69,"column":5}},"16":{"start":{"line":66,"column":6},"end":{"line":68,"column":9}},"17":{"start":{"line":70,"column":4},"end":{"line":72,"column":7}},"18":{"start":{"line":76,"column":39},"end":{"line":76,"column":49}},"19":{"start":{"line":77,"column":4},"end":{"line":77,"column":33}},"20":{"start":{"line":92,"column":8},"end":{"line":92,"column":18}},"21":{"start":{"line":97,"column":8},"end":{"line":97,"column":18}},"22":{"start":{"line":99,"column":4},"end":{"line":103,"column":5}},"23":{"start":{"line":100,"column":6},"end":{"line":100,"column":31}},"24":{"start":{"line":102,"column":6},"end":{"line":102,"column":29}},"25":{"start":{"line":104,"column":15},"end":{"line":104,"column":26}},"26":{"start":{"line":105,"column":18},"end":{"line":105,"column":36}},"27":{"start":{"line":106,"column":4},"end":{"line":134,"column":5}},"28":{"start":{"line":107,"column":6},"end":{"line":129,"column":7}},"29":{"start":{"line":108,"column":8},"end":{"line":108,"column":36}},"30":{"start":{"line":109,"column":8},"end":{"line":111,"column":11}},"31":{"start":{"line":113,"column":8},"end":{"line":113,"column":36}},"32":{"start":{"line":114,"column":8},"end":{"line":116,"column":11}},"33":{"start":{"line":117,"column":8},"end":{"line":119,"column":9}},"34":{"start":{"line":118,"column":10},"end":{"line":118,"column":62}},"35":{"start":{"line":120,"column":8},"end":{"line":122,"column":9}},"36":{"start":{"line":121,"column":10},"end":{"line":121,"column":63}},"37":{"start":{"line":123,"column":8},"end":{"line":125,"column":9}},"38":{"start":{"line":124,"column":10},"end":{"line":124,"column":48}},"39":{"start":{"line":126,"column":8},"end":{"line":128,"column":9}},"40":{"start":{"line":127,"column":10},"end":{"line":127,"column":48}},"41":{"start":{"line":131,"column":6},"end":{"line":133,"column":9}},"42":{"start":{"line":155,"column":8},"end":{"line":155,"column":18}},"43":{"start":{"line":156,"column":42},"end":{"line":156,"column":52}},"44":{"start":{"line":157,"column":4},"end":{"line":288,"column":6}},"45":{"start":{"line":178,"column":33},"end":{"line":178,"column":53}},"46":{"start":{"line":189,"column":54},"end":{"line":189,"column":72}},"47":{"start":{"line":210,"column":32},"end":{"line":210,"column":51}},"48":{"start":{"line":229,"column":32},"end":{"line":229,"column":51}},"49":{"start":{"line":246,"column":35},"end":{"line":246,"column":55}},"50":{"start":{"line":276,"column":56},"end":{"line":276,"column":74}},"51":{"start":{"line":280,"column":44},"end":{"line":280,"column":64}},"52":{"start":{"line":291,"column":0},"end":{"line":323,"column":2}}},"fnMap":{"0":{"name":"(anonymous_0)","decl":{"start":{"line":25,"column":17},"end":{"line":25,"column":18}},"loc":{"start":{"line":25,"column":28},"end":{"line":39,"column":3}},"line":25},"1":{"name":"(anonymous_1)","decl":{"start":{"line":41,"column":16},"end":{"line":41,"column":17}},"loc":{"start":{"line":41,"column":28},"end":{"line":61,"column":3}},"line":41},"2":{"name":"(anonymous_2)","decl":{"start":{"line":63,"column":16},"end":{"line":63,"column":17}},"loc":{"start":{"line":63,"column":27},"end":{"line":73,"column":3}},"line":63},"3":{"name":"(anonymous_3)","decl":{"start":{"line":75,"column":17},"end":{"line":75,"column":18}},"loc":{"start":{"line":75,"column":29},"end":{"line":78,"column":3}},"line":75},"4":{"name":"(anonymous_4)","decl":{"start":{"line":80,"column":15},"end":{"line":80,"column":16}},"loc":{"start":{"line":80,"column":26},"end":{"line":135,"column":3}},"line":80},"5":{"name":"(anonymous_5)","decl":{"start":{"line":137,"column":2},"end":{"line":137,"column":3}},"loc":{"start":{"line":137,"column":11},"end":{"line":289,"column":3}},"line":137},"6":{"name":"(anonymous_6)","decl":{"start":{"line":178,"column":28},"end":{"line":178,"column":29}},"loc":{"start":{"line":178,"column":33},"end":{"line":178,"column":53}},"line":178},"7":{"name":"(anonymous_7)","decl":{"start":{"line":189,"column":49},"end":{"line":189,"column":50}},"loc":{"start":{"line":189,"column":54},"end":{"line":189,"column":72}},"line":189},"8":{"name":"(anonymous_8)","decl":{"start":{"line":210,"column":27},"end":{"line":210,"column":28}},"loc":{"start":{"line":210,"column":32},"end":{"line":210,"column":51}},"line":210},"9":{"name":"(anonymous_9)","decl":{"start":{"line":229,"column":27},"end":{"line":229,"column":28}},"loc":{"start":{"line":229,"column":32},"end":{"line":229,"column":51}},"line":229},"10":{"name":"(anonymous_10)","decl":{"start":{"line":246,"column":30},"end":{"line":246,"column":31}},"loc":{"start":{"line":246,"column":35},"end":{"line":246,"column":55}},"line":246},"11":{"name":"(anonymous_11)","decl":{"start":{"line":276,"column":51},"end":{"line":276,"column":52}},"loc":{"start":{"line":276,"column":56},"end":{"line":276,"column":74}},"line":276},"12":{"name":"(anonymous_12)","decl":{"start":{"line":280,"column":39},"end":{"line":280,"column":40}},"loc":{"start":{"line":280,"column":44},"end":{"line":280,"column":64}},"line":280}},"branchMap":{"0":{"loc":{"start":{"line":29,"column":4},"end":{"line":34,"column":5}},"type":"if","locations":[{"start":{"line":29,"column":4},"end":{"line":34,"column":5}},{"start":{"line":29,"column":4},"end":{"line":34,"column":5}}],"line":29},"1":{"loc":{"start":{"line":29,"column":8},"end":{"line":29,"column":41}},"type":"binary-expr","locations":[{"start":{"line":29,"column":8},"end":{"line":29,"column":21}},{"start":{"line":29,"column":25},"end":{"line":29,"column":41}}],"line":29},"2":{"loc":{"start":{"line":43,"column":4},"end":{"line":48,"column":5}},"type":"if","locations":[{"start":{"line":43,"column":4},"end":{"line":48,"column":5}},{"start":{"line":43,"column":4},"end":{"line":48,"column":5}}],"line":43},"3":{"loc":{"start":{"line":49,"column":4},"end":{"line":54,"column":5}},"type":"if","locations":[{"start":{"line":49,"column":4},"end":{"line":54,"column":5}},{"start":{"line":49,"column":4},"end":{"line":54,"column":5}}],"line":49},"4":{"loc":{"start":{"line":55,"column":4},"end":{"line":60,"column":5}},"type":"if","locations":[{"start":{"line":55,"column":4},"end":{"line":60,"column":5}},{"start":{"line":55,"column":4},"end":{"line":60,"column":5}}],"line":55},"5":{"loc":{"start":{"line":65,"column":4},"end":{"line":69,"column":5}},"type":"if","locations":[{"start":{"line":65,"column":4},"end":{"line":69,"column":5}},{"start":{"line":65,"column":4},"end":{"line":69,"column":5}}],"line":65},"6":{"loc":{"start":{"line":99,"column":4},"end":{"line":103,"column":5}},"type":"if","locations":[{"start":{"line":99,"column":4},"end":{"line":103,"column":5}},{"start":{"line":99,"column":4},"end":{"line":103,"column":5}}],"line":99},"7":{"loc":{"start":{"line":106,"column":4},"end":{"line":134,"column":5}},"type":"if","locations":[{"start":{"line":106,"column":4},"end":{"line":134,"column":5}},{"start":{"line":106,"column":4},"end":{"line":134,"column":5}}],"line":106},"8":{"loc":{"start":{"line":107,"column":6},"end":{"line":129,"column":7}},"type":"if","locations":[{"start":{"line":107,"column":6},"end":{"line":129,"column":7}},{"start":{"line":107,"column":6},"end":{"line":129,"column":7}}],"line":107},"9":{"loc":{"start":{"line":117,"column":8},"end":{"line":119,"column":9}},"type":"if","locations":[{"start":{"line":117,"column":8},"end":{"line":119,"column":9}},{"start":{"line":117,"column":8},"end":{"line":119,"column":9}}],"line":117},"10":{"loc":{"start":{"line":117,"column":12},"end":{"line":117,"column":70}},"type":"binary-expr","locations":[{"start":{"line":117,"column":12},"end":{"line":117,"column":25}},{"start":{"line":117,"column":29},"end":{"line":117,"column":45}},{"start":{"line":117,"column":49},"end":{"line":117,"column":70}}],"line":117},"11":{"loc":{"start":{"line":120,"column":8},"end":{"line":122,"column":9}},"type":"if","locations":[{"start":{"line":120,"column":8},"end":{"line":122,"column":9}},{"start":{"line":120,"column":8},"end":{"line":122,"column":9}}],"line":120},"12":{"loc":{"start":{"line":120,"column":12},"end":{"line":120,"column":49}},"type":"binary-expr","locations":[{"start":{"line":120,"column":12},"end":{"line":120,"column":24}},{"start":{"line":120,"column":28},"end":{"line":120,"column":49}}],"line":120},"13":{"loc":{"start":{"line":123,"column":8},"end":{"line":125,"column":9}},"type":"if","locations":[{"start":{"line":123,"column":8},"end":{"line":125,"column":9}},{"start":{"line":123,"column":8},"end":{"line":125,"column":9}}],"line":123},"14":{"loc":{"start":{"line":123,"column":12},"end":{"line":123,"column":40}},"type":"binary-expr","locations":[{"start":{"line":123,"column":12},"end":{"line":123,"column":21}},{"start":{"line":123,"column":25},"end":{"line":123,"column":40}}],"line":123},"15":{"loc":{"start":{"line":126,"column":8},"end":{"line":128,"column":9}},"type":"if","locations":[{"start":{"line":126,"column":8},"end":{"line":128,"column":9}},{"start":{"line":126,"column":8},"end":{"line":128,"column":9}}],"line":126},"16":{"loc":{"start":{"line":126,"column":12},"end":{"line":126,"column":35}},"type":"binary-expr","locations":[{"start":{"line":126,"column":12},"end":{"line":126,"column":21}},{"start":{"line":126,"column":25},"end":{"line":126,"column":35}}],"line":126},"17":{"loc":{"start":{"line":159,"column":9},"end":{"line":286,"column":9}},"type":"cond-expr","locations":[{"start":{"line":160,"column":10},"end":{"line":193,"column":15}},{"start":{"line":195,"column":10},"end":{"line":285,"column":15}}],"line":159},"18":{"loc":{"start":{"line":182,"column":21},"end":{"line":182,"column":66}},"type":"cond-expr","locations":[{"start":{"line":182,"column":50},"end":{"line":182,"column":57}},{"start":{"line":182,"column":60},"end":{"line":182,"column":66}}],"line":182},"19":{"loc":{"start":{"line":206,"column":15},"end":{"line":215,"column":15}},"type":"cond-expr","locations":[{"start":{"line":207,"column":16},"end":{"line":212,"column":27}},{"start":{"line":214,"column":16},"end":{"line":214,"column":54}}],"line":206},"20":{"loc":{"start":{"line":208,"column":35},"end":{"line":208,"column":51}},"type":"binary-expr","locations":[{"start":{"line":208,"column":35},"end":{"line":208,"column":42}},{"start":{"line":208,"column":46},"end":{"line":208,"column":51}}],"line":208},"21":{"loc":{"start":{"line":223,"column":15},"end":{"line":232,"column":15}},"type":"cond-expr","locations":[{"start":{"line":224,"column":16},"end":{"line":224,"column":54}},{"start":{"line":226,"column":16},"end":{"line":231,"column":27}}],"line":223},"22":{"loc":{"start":{"line":227,"column":35},"end":{"line":227,"column":51}},"type":"binary-expr","locations":[{"start":{"line":227,"column":35},"end":{"line":227,"column":42}},{"start":{"line":227,"column":46},"end":{"line":227,"column":51}}],"line":227},"23":{"loc":{"start":{"line":241,"column":17},"end":{"line":259,"column":17}},"type":"cond-expr","locations":[{"start":{"line":242,"column":18},"end":{"line":242,"column":24}},{"start":{"line":244,"column":18},"end":{"line":258,"column":27}}],"line":241},"24":{"loc":{"start":{"line":249,"column":22},"end":{"line":253,"column":38}},"type":"cond-expr","locations":[{"start":{"line":250,"column":26},"end":{"line":250,"column":37}},{"start":{"line":251,"column":26},"end":{"line":253,"column":38}}],"line":249},"25":{"loc":{"start":{"line":251,"column":26},"end":{"line":253,"column":38}},"type":"cond-expr","locations":[{"start":{"line":252,"column":26},"end":{"line":252,"column":38}},{"start":{"line":253,"column":26},"end":{"line":253,"column":38}}],"line":251},"26":{"loc":{"start":{"line":270,"column":18},"end":{"line":270,"column":71}},"type":"cond-expr","locations":[{"start":{"line":270,"column":30},"end":{"line":270,"column":50}},{"start":{"line":270,"column":53},"end":{"line":270,"column":71}}],"line":270},"27":{"loc":{"start":{"line":279,"column":15},"end":{"line":283,"column":22}},"type":"cond-expr","locations":[{"start":{"line":280,"column":16},"end":{"line":282,"column":25}},{"start":{"line":283,"column":18},"end":{"line":283,"column":22}}],"line":279}},"s":{"0":2,"1":2,"2":0,"3":0,"4":0,"5":0,"6":0,"7":1,"8":1,"9":0,"10":1,"11":0,"12":1,"13":0,"14":2,"15":2,"16":1,"17":1,"18":1,"19":1,"20":3,"21":3,"22":3,"23":2,"24":1,"25":2,"26":2,"27":2,"28":2,"29":0,"30":0,"31":2,"32":2,"33":2,"34":0,"35":2,"36":1,"37":2,"38":1,"39":2,"40":0,"41":0,"42":9,"43":9,"44":9,"45":1,"46":1,"47":1,"48":1,"49":1,"50":2,"51":1,"52":4},"f":{"0":2,"1":1,"2":2,"3":1,"4":3,"5":9,"6":1,"7":1,"8":1,"9":1,"10":1,"11":2,"12":1},"b":{"0":[0,0],"1":[0,0],"2":[0,1],"3":[0,1],"4":[0,1],"5":[1,1],"6":[2,1],"7":[2,0],"8":[0,2],"9":[0,2],"10":[2,1,0],"11":[1,1],"12":[2,1],"13":[1,1],"14":[2,1],"15":[0,2],"16":[2,1],"17":[3,6],"18":[0,3],"19":[3,3],"20":[3,3],"21":[3,3],"22":[3,3],"23":[3,3],"24":[0,3],"25":[0,3],"26":[3,3],"27":[3,3]},"_coverageSchema":"43e27e138ebf9cfc5966b082cf9a028302ed4184","hash":"84d8082d8c3295e56aed2ebb8b82b775f3027606"}
,"/Users/chidozienwoga/Documents/Sendit-react/src/components/TableRow/index.js": {"path":"/Users/chidozienwoga/Documents/Sendit-react/src/components/TableRow/index.js","statementMap":{},"fnMap":{},"branchMap":{},"s":{},"f":{},"b":{},"_coverageSchema":"43e27e138ebf9cfc5966b082cf9a028302ed4184","hash":"f37326a9ff2ff52dceb4a35b3df6c7b982b85aaf"}
,"/Users/chidozienwoga/Documents/Sendit-react/src/components/styledComponent/BackgroundImg/BackgroundImg.jsx": {"path":"/Users/chidozienwoga/Documents/Sendit-react/src/components/styledComponent/BackgroundImg/BackgroundImg.jsx","statementMap":{"0":{"start":{"line":3,"column":22},"end":{"line":8,"column":1}}},"fnMap":{},"branchMap":{},"s":{"0":5},"f":{},"b":{},"_coverageSchema":"43e27e138ebf9cfc5966b082cf9a028302ed4184","hash":"7c4107c74db032c978a118858fb93315fbd9e275"}
,"/Users/chidozienwoga/Documents/Sendit-react/src/components/styledComponent/BackgroundImg/index.js": {"path":"/Users/chidozienwoga/Documents/Sendit-react/src/components/styledComponent/BackgroundImg/index.js","statementMap":{},"fnMap":{},"branchMap":{},"s":{},"f":{},"b":{},"_coverageSchema":"43e27e138ebf9cfc5966b082cf9a028302ed4184","hash":"980c185e826b486053959d1ef9bc11f648f88d94"}
,"/Users/chidozienwoga/Documents/Sendit-react/src/components/styledComponent/Button/Button.jsx": {"path":"/Users/chidozienwoga/Documents/Sendit-react/src/components/styledComponent/Button/Button.jsx","statementMap":{"0":{"start":{"line":3,"column":15},"end":{"line":17,"column":1}},"1":{"start":{"line":4,"column":26},"end":{"line":4,"column":63}},"2":{"start":{"line":10,"column":22},"end":{"line":10,"column":85}},"3":{"start":{"line":12,"column":23},"end":{"line":12,"column":70}},"4":{"start":{"line":16,"column":23},"end":{"line":16,"column":68}}},"fnMap":{"0":{"name":"(anonymous_0)","decl":{"start":{"line":4,"column":16},"end":{"line":4,"column":17}},"loc":{"start":{"line":4,"column":26},"end":{"line":4,"column":63}},"line":4},"1":{"name":"(anonymous_1)","decl":{"start":{"line":10,"column":12},"end":{"line":10,"column":13}},"loc":{"start":{"line":10,"column":22},"end":{"line":10,"column":85}},"line":10},"2":{"name":"(anonymous_2)","decl":{"start":{"line":12,"column":13},"end":{"line":12,"column":14}},"loc":{"start":{"line":12,"column":23},"end":{"line":12,"column":70}},"line":12},"3":{"name":"(anonymous_3)","decl":{"start":{"line":16,"column":13},"end":{"line":16,"column":14}},"loc":{"start":{"line":16,"column":23},"end":{"line":16,"column":68}},"line":16}},"branchMap":{"0":{"loc":{"start":{"line":4,"column":26},"end":{"line":4,"column":63}},"type":"cond-expr","locations":[{"start":{"line":4,"column":42},"end":{"line":4,"column":51}},{"start":{"line":4,"column":54},"end":{"line":4,"column":63}}],"line":4},"1":{"loc":{"start":{"line":10,"column":22},"end":{"line":10,"column":85}},"type":"cond-expr","locations":[{"start":{"line":10,"column":38},"end":{"line":10,"column":60}},{"start":{"line":10,"column":63},"end":{"line":10,"column":85}}],"line":10},"2":{"loc":{"start":{"line":12,"column":23},"end":{"line":12,"column":70}},"type":"cond-expr","locations":[{"start":{"line":12,"column":37},"end":{"line":12,"column":52}},{"start":{"line":12,"column":55},"end":{"line":12,"column":70}}],"line":12},"3":{"loc":{"start":{"line":16,"column":23},"end":{"line":16,"column":68}},"type":"cond-expr","locations":[{"start":{"line":16,"column":44},"end":{"line":16,"column":58}},{"start":{"line":16,"column":61},"end":{"line":16,"column":68}}],"line":16}},"s":{"0":9,"1":40,"2":40,"3":40,"4":40},"f":{"0":40,"1":40,"2":40,"3":40},"b":{"0":[7,33],"1":[7,33],"2":[2,38],"3":[7,33]},"_coverageSchema":"43e27e138ebf9cfc5966b082cf9a028302ed4184","hash":"5c8a4034e1aff228f7b76b093926ba1fa410df70"}
,"/Users/chidozienwoga/Documents/Sendit-react/src/components/styledComponent/Button/index.js": {"path":"/Users/chidozienwoga/Documents/Sendit-react/src/components/styledComponent/Button/index.js","statementMap":{},"fnMap":{},"branchMap":{},"s":{},"f":{},"b":{},"_coverageSchema":"43e27e138ebf9cfc5966b082cf9a028302ed4184","hash":"1acb1581b58931eca785162364098499c1d40bae"}
,"/Users/chidozienwoga/Documents/Sendit-react/src/components/styledComponent/FooterComp/FooterComp.jsx": {"path":"/Users/chidozienwoga/Documents/Sendit-react/src/components/styledComponent/FooterComp/FooterComp.jsx","statementMap":{"0":{"start":{"line":3,"column":24},"end":{"line":15,"column":1}}},"fnMap":{},"branchMap":{},"s":{"0":1},"f":{},"b":{},"_coverageSchema":"43e27e138ebf9cfc5966b082cf9a028302ed4184","hash":"baf3737d24f44624c014beb3de1a60f5962f536d"}
,"/Users/chidozienwoga/Documents/Sendit-react/src/components/styledComponent/FormCard/FormCard.jsx": {"path":"/Users/chidozienwoga/Documents/Sendit-react/src/components/styledComponent/FormCard/FormCard.jsx","statementMap":{"0":{"start":{"line":3,"column":17},"end":{"line":26,"column":1}}},"fnMap":{},"branchMap":{},"s":{"0":4},"f":{},"b":{},"_coverageSchema":"43e27e138ebf9cfc5966b082cf9a028302ed4184","hash":"646ef3cfe0b0f606dfea07a4cf783acba61933dc"}
,"/Users/chidozienwoga/Documents/Sendit-react/src/components/styledComponent/FormCard/index.js": {"path":"/Users/chidozienwoga/Documents/Sendit-react/src/components/styledComponent/FormCard/index.js","statementMap":{},"fnMap":{},"branchMap":{},"s":{},"f":{},"b":{},"_coverageSchema":"43e27e138ebf9cfc5966b082cf9a028302ed4184","hash":"f1f397ba9fcc05aed60aa9ef84a588d7395f29a6"}
,"/Users/chidozienwoga/Documents/Sendit-react/src/components/styledComponent/Input/Input.jsx": {"path":"/Users/chidozienwoga/Documents/Sendit-react/src/components/styledComponent/Input/Input.jsx","statementMap":{"0":{"start":{"line":3,"column":14},"end":{"line":18,"column":1}}},"fnMap":{},"branchMap":{},"s":{"0":5},"f":{},"b":{},"_coverageSchema":"43e27e138ebf9cfc5966b082cf9a028302ed4184","hash":"01b771135461db8e9a26677bce24a0a3605c5fa0"}
,"/Users/chidozienwoga/Documents/Sendit-react/src/components/styledComponent/NavbarComp/NavbarComp.jsx": {"path":"/Users/chidozienwoga/Documents/Sendit-react/src/components/styledComponent/NavbarComp/NavbarComp.jsx","statementMap":{"0":{"start":{"line":3,"column":15},"end":{"line":12,"column":1}},"1":{"start":{"line":14,"column":12},"end":{"line":24,"column":1}}},"fnMap":{},"branchMap":{},"s":{"0":1,"1":1},"f":{},"b":{},"_coverageSchema":"43e27e138ebf9cfc5966b082cf9a028302ed4184","hash":"277a88a21c0a48fd492b70f73182873023df75db"}
,"/Users/chidozienwoga/Documents/Sendit-react/src/components/styledComponent/TableComp/TableComp.jsx": {"path":"/Users/chidozienwoga/Documents/Sendit-react/src/components/styledComponent/TableComp/TableComp.jsx","statementMap":{"0":{"start":{"line":3,"column":14},"end":{"line":9,"column":1}},"1":{"start":{"line":11,"column":11},"end":{"line":14,"column":1}},"2":{"start":{"line":16,"column":14},"end":{"line":21,"column":1}},"3":{"start":{"line":23,"column":11},"end":{"line":26,"column":1}},"4":{"start":{"line":28,"column":11},"end":{"line":41,"column":1}},"5":{"start":{"line":43,"column":14},"end":{"line":50,"column":1}},"6":{"start":{"line":52,"column":23},"end":{"line":64,"column":1}},"7":{"start":{"line":66,"column":17},"end":{"line":73,"column":1}},"8":{"start":{"line":68,"column":20},"end":{"line":68,"column":44}},"9":{"start":{"line":75,"column":15},"end":{"line":85,"column":1}}},"fnMap":{"0":{"name":"(anonymous_0)","decl":{"start":{"line":68,"column":11},"end":{"line":68,"column":12}},"loc":{"start":{"line":68,"column":20},"end":{"line":68,"column":44}},"line":68}},"branchMap":{"0":{"loc":{"start":{"line":68,"column":20},"end":{"line":68,"column":44}},"type":"binary-expr","locations":[{"start":{"line":68,"column":20},"end":{"line":68,"column":31}},{"start":{"line":68,"column":35},"end":{"line":68,"column":44}}],"line":68}},"s":{"0":5,"1":5,"2":5,"3":5,"4":5,"5":5,"6":5,"7":5,"8":1,"9":5},"f":{"0":1},"b":{"0":[1,1]},"_coverageSchema":"43e27e138ebf9cfc5966b082cf9a028302ed4184","hash":"926f9e3dd67387195a20cfdd0e292b55e2aa9a82"}
,"/Users/chidozienwoga/Documents/Sendit-react/src/config/index.js": {"path":"/Users/chidozienwoga/Documents/Sendit-react/src/config/index.js","statementMap":{},"fnMap":{},"branchMap":{},"s":{},"f":{},"b":{},"_coverageSchema":"43e27e138ebf9cfc5966b082cf9a028302ed4184","hash":"5585f284367818425e420afa0366b6e54b184133"}
,"/Users/chidozienwoga/Documents/Sendit-react/src/pages/CreateParcel/CreateParcel.jsx": {"path":"/Users/chidozienwoga/Documents/Sendit-react/src/pages/CreateParcel/CreateParcel.jsx","statementMap":{"0":{"start":{"line":9,"column":29},"end":{"line":9,"column":39}},"1":{"start":{"line":10,"column":4},"end":{"line":10,"column":31}},"2":{"start":{"line":14,"column":26},"end":{"line":14,"column":36}},"3":{"start":{"line":15,"column":4},"end":{"line":17,"column":6}},"4":{"start":{"line":21,"column":31},"end":{"line":24,"column":2}},"5":{"start":{"line":21,"column":41},"end":{"line":24,"column":1}},"6":{"start":{"line":26,"column":34},"end":{"line":28,"column":2}},"7":{"start":{"line":26,"column":47},"end":{"line":28,"column":1}},"8":{"start":{"line":27,"column":26},"end":{"line":27,"column":57}},"9":{"start":{"line":30,"column":0},"end":{"line":33,"column":2}},"10":{"start":{"line":34,"column":12},"end":{"line":37,"column":1}}},"fnMap":{"0":{"name":"(anonymous_0)","decl":{"start":{"line":8,"column":17},"end":{"line":8,"column":18}},"loc":{"start":{"line":8,"column":33},"end":{"line":11,"column":3}},"line":8},"1":{"name":"(anonymous_1)","decl":{"start":{"line":13,"column":2},"end":{"line":13,"column":3}},"loc":{"start":{"line":13,"column":11},"end":{"line":18,"column":3}},"line":13},"2":{"name":"(anonymous_2)","decl":{"start":{"line":21,"column":31},"end":{"line":21,"column":32}},"loc":{"start":{"line":21,"column":41},"end":{"line":24,"column":1}},"line":21},"3":{"name":"(anonymous_3)","decl":{"start":{"line":26,"column":34},"end":{"line":26,"column":35}},"loc":{"start":{"line":26,"column":47},"end":{"line":28,"column":1}},"line":26},"4":{"name":"(anonymous_4)","decl":{"start":{"line":27,"column":16},"end":{"line":27,"column":17}},"loc":{"start":{"line":27,"column":26},"end":{"line":27,"column":57}},"line":27}},"branchMap":{},"s":{"0":0,"1":0,"2":2,"3":2,"4":2,"5":0,"6":2,"7":0,"8":0,"9":2,"10":2},"f":{"0":0,"1":2,"2":0,"3":0,"4":0},"b":{},"_coverageSchema":"43e27e138ebf9cfc5966b082cf9a028302ed4184","hash":"d528e7ccd627d6083501624ed8cf44e1ab848c1b"}
,"/Users/chidozienwoga/Documents/Sendit-react/src/pages/CreateParcel/index.js": {"path":"/Users/chidozienwoga/Documents/Sendit-react/src/pages/CreateParcel/index.js","statementMap":{},"fnMap":{},"branchMap":{},"s":{},"f":{},"b":{},"_coverageSchema":"43e27e138ebf9cfc5966b082cf9a028302ed4184","hash":"bcb405fe0eaf981d8b135f6b805acbc801c553a0"}
,"/Users/chidozienwoga/Documents/Sendit-react/src/pages/CreateParcel/CreateParcelForm/index.jsx": {"path":"/Users/chidozienwoga/Documents/Sendit-react/src/pages/CreateParcel/CreateParcelForm/index.jsx","statementMap":{"0":{"start":{"line":12,"column":23},"end":{"line":150,"column":1}},"1":{"start":{"line":19,"column":2},"end":{"line":149,"column":9}},"2":{"start":{"line":151,"column":17},"end":{"line":151,"column":56}},"3":{"start":{"line":152,"column":0},"end":{"line":158,"column":21}},"4":{"start":{"line":153,"column":31},"end":{"line":153,"column":68}},"5":{"start":{"line":154,"column":2},"end":{"line":157,"column":4}},"6":{"start":{"line":160,"column":0},"end":{"line":166,"column":2}}},"fnMap":{"0":{"name":"(anonymous_0)","decl":{"start":{"line":12,"column":23},"end":{"line":12,"column":24}},"loc":{"start":{"line":19,"column":2},"end":{"line":149,"column":9}},"line":19},"1":{"name":"(anonymous_1)","decl":{"start":{"line":152,"column":27},"end":{"line":152,"column":28}},"loc":{"start":{"line":152,"column":36},"end":{"line":158,"column":1}},"line":152}},"branchMap":{"0":{"loc":{"start":{"line":21,"column":7},"end":{"line":25,"column":7}},"type":"binary-expr","locations":[{"start":{"line":21,"column":7},"end":{"line":21,"column":16}},{"start":{"line":22,"column":8},"end":{"line":24,"column":14}}],"line":21},"1":{"loc":{"start":{"line":138,"column":22},"end":{"line":138,"column":67}},"type":"binary-expr","locations":[{"start":{"line":138,"column":22},"end":{"line":138,"column":30}},{"start":{"line":138,"column":34},"end":{"line":138,"column":40}},{"start":{"line":138,"column":44},"end":{"line":138,"column":67}}],"line":138}},"s":{"0":2,"1":8,"2":2,"3":2,"4":14,"5":14,"6":2},"f":{"0":8,"1":14},"b":{"0":[8,0],"1":[8,4,2]},"_coverageSchema":"43e27e138ebf9cfc5966b082cf9a028302ed4184","hash":"8e86bd4697a8432c07114f01179cfb41725bcf91"}
,"/Users/chidozienwoga/Documents/Sendit-react/src/pages/HomePage/HomePage.jsx": {"path":"/Users/chidozienwoga/Documents/Sendit-react/src/pages/HomePage/HomePage.jsx","statementMap":{"0":{"start":{"line":6,"column":17},"end":{"line":143,"column":1}},"1":{"start":{"line":7,"column":2},"end":{"line":142,"column":8}}},"fnMap":{"0":{"name":"(anonymous_0)","decl":{"start":{"line":6,"column":17},"end":{"line":6,"column":18}},"loc":{"start":{"line":7,"column":2},"end":{"line":142,"column":8}},"line":7}},"branchMap":{},"s":{"0":2,"1":1},"f":{"0":1},"b":{},"_coverageSchema":"43e27e138ebf9cfc5966b082cf9a028302ed4184","hash":"c9b9d5d2eadcc36dbeec35afd14fa193bd5b8c10"}
,"/Users/chidozienwoga/Documents/Sendit-react/src/pages/HomePage/index.js": {"path":"/Users/chidozienwoga/Documents/Sendit-react/src/pages/HomePage/index.js","statementMap":{},"fnMap":{},"branchMap":{},"s":{},"f":{},"b":{},"_coverageSchema":"43e27e138ebf9cfc5966b082cf9a028302ed4184","hash":"2c51606538f9b6bc670a3c68b0e8974f7da758dd"}
,"/Users/chidozienwoga/Documents/Sendit-react/src/pages/ProfilePage/ProfilePage.jsx": {"path":"/Users/chidozienwoga/Documents/Sendit-react/src/pages/ProfilePage/ProfilePage.jsx","statementMap":{"0":{"start":{"line":12,"column":19},"end":{"line":23,"column":1}},"1":{"start":{"line":27,"column":4},"end":{"line":27,"column":12}},"2":{"start":{"line":28,"column":4},"end":{"line":30,"column":6}},"3":{"start":{"line":34,"column":34},"end":{"line":34,"column":44}},"4":{"start":{"line":35,"column":4},"end":{"line":35,"column":24}},"5":{"start":{"line":39,"column":4},"end":{"line":41,"column":7}},"6":{"start":{"line":45,"column":4},"end":{"line":47,"column":7}},"7":{"start":{"line":55,"column":8},"end":{"line":55,"column":18}},"8":{"start":{"line":56,"column":22},"end":{"line":56,"column":32}},"9":{"start":{"line":57,"column":4},"end":{"line":172,"column":6}},"10":{"start":{"line":176,"column":24},"end":{"line":178,"column":2}},"11":{"start":{"line":176,"column":34},"end":{"line":178,"column":1}},"12":{"start":{"line":180,"column":34},"end":{"line":185,"column":2}},"13":{"start":{"line":180,"column":47},"end":{"line":185,"column":1}},"14":{"start":{"line":181,"column":27},"end":{"line":181,"column":56}},"15":{"start":{"line":182,"column":22},"end":{"line":182,"column":48}},"16":{"start":{"line":184,"column":4},"end":{"line":184,"column":50}},"17":{"start":{"line":187,"column":0},"end":{"line":193,"column":2}},"18":{"start":{"line":195,"column":12},"end":{"line":198,"column":1}}},"fnMap":{"0":{"name":"(anonymous_0)","decl":{"start":{"line":26,"column":2},"end":{"line":26,"column":3}},"loc":{"start":{"line":26,"column":16},"end":{"line":31,"column":3}},"line":26},"1":{"name":"(anonymous_1)","decl":{"start":{"line":33,"column":23},"end":{"line":33,"column":24}},"loc":{"start":{"line":33,"column":29},"end":{"line":36,"column":3}},"line":33},"2":{"name":"(anonymous_2)","decl":{"start":{"line":38,"column":16},"end":{"line":38,"column":17}},"loc":{"start":{"line":38,"column":22},"end":{"line":42,"column":3}},"line":38},"3":{"name":"(anonymous_3)","decl":{"start":{"line":44,"column":16},"end":{"line":44,"column":17}},"loc":{"start":{"line":44,"column":22},"end":{"line":48,"column":3}},"line":44},"4":{"name":"(anonymous_4)","decl":{"start":{"line":50,"column":2},"end":{"line":50,"column":3}},"loc":{"start":{"line":50,"column":11},"end":{"line":173,"column":3}},"line":50},"5":{"name":"(anonymous_5)","decl":{"start":{"line":176,"column":24},"end":{"line":176,"column":25}},"loc":{"start":{"line":176,"column":34},"end":{"line":178,"column":1}},"line":176},"6":{"name":"(anonymous_6)","decl":{"start":{"line":180,"column":34},"end":{"line":180,"column":35}},"loc":{"start":{"line":180,"column":47},"end":{"line":185,"column":1}},"line":180},"7":{"name":"(anonymous_7)","decl":{"start":{"line":181,"column":21},"end":{"line":181,"column":22}},"loc":{"start":{"line":181,"column":27},"end":{"line":181,"column":56}},"line":181},"8":{"name":"(anonymous_8)","decl":{"start":{"line":182,"column":16},"end":{"line":182,"column":17}},"loc":{"start":{"line":182,"column":22},"end":{"line":182,"column":48}},"line":182},"9":{"name":"(anonymous_9)","decl":{"start":{"line":183,"column":23},"end":{"line":183,"column":24}},"loc":{"start":{"line":184,"column":4},"end":{"line":184,"column":50}},"line":184}},"branchMap":{"0":{"loc":{"start":{"line":89,"column":15},"end":{"line":167,"column":15}},"type":"cond-expr","locations":[{"start":{"line":90,"column":16},"end":{"line":122,"column":22}},{"start":{"line":124,"column":16},"end":{"line":166,"column":22}}],"line":89},"1":{"loc":{"start":{"line":125,"column":19},"end":{"line":134,"column":19}},"type":"binary-expr","locations":[{"start":{"line":125,"column":19},"end":{"line":125,"column":28}},{"start":{"line":126,"column":20},"end":{"line":133,"column":26}}],"line":125}},"s":{"0":2,"1":1,"2":1,"3":1,"4":1,"5":1,"6":1,"7":3,"8":3,"9":3,"10":2,"11":0,"12":2,"13":3,"14":1,"15":1,"16":1,"17":2,"18":2},"f":{"0":1,"1":1,"2":1,"3":1,"4":3,"5":0,"6":3,"7":1,"8":1,"9":1},"b":{"0":[2,1],"1":[1,0]},"_coverageSchema":"43e27e138ebf9cfc5966b082cf9a028302ed4184","hash":"4276b9fec69b17c43854ca4fd37d3db8b7c5268a"}
,"/Users/chidozienwoga/Documents/Sendit-react/src/pages/ProfilePage/index.js": {"path":"/Users/chidozienwoga/Documents/Sendit-react/src/pages/ProfilePage/index.js","statementMap":{},"fnMap":{},"branchMap":{},"s":{},"f":{},"b":{},"_coverageSchema":"43e27e138ebf9cfc5966b082cf9a028302ed4184","hash":"aa39affe1b5368f65ab3a2d749aff9868d599604"}
,"/Users/chidozienwoga/Documents/Sendit-react/src/store/actions/authUser.js": {"path":"/Users/chidozienwoga/Documents/Sendit-react/src/store/actions/authUser.js","statementMap":{"0":{"start":{"line":6,"column":34},"end":{"line":6,"column":54}},"1":{"start":{"line":7,"column":34},"end":{"line":7,"column":54}},"2":{"start":{"line":8,"column":32},"end":{"line":8,"column":50}},"3":{"start":{"line":9,"column":27},"end":{"line":9,"column":40}},"4":{"start":{"line":10,"column":37},"end":{"line":10,"column":60}},"5":{"start":{"line":11,"column":37},"end":{"line":11,"column":60}},"6":{"start":{"line":12,"column":35},"end":{"line":12,"column":56}},"7":{"start":{"line":14,"column":18},"end":{"line":31,"column":1}},"8":{"start":{"line":14,"column":28},"end":{"line":31,"column":1}},"9":{"start":{"line":15,"column":2},"end":{"line":15,"column":41}},"10":{"start":{"line":16,"column":2},"end":{"line":30,"column":3}},"11":{"start":{"line":17,"column":21},"end":{"line":20,"column":6}},"12":{"start":{"line":21,"column":4},"end":{"line":21,"column":68}},"13":{"start":{"line":22,"column":4},"end":{"line":25,"column":7}},"14":{"start":{"line":26,"column":4},"end":{"line":26,"column":53}},"15":{"start":{"line":28,"column":4},"end":{"line":28,"column":79}},"16":{"start":{"line":29,"column":4},"end":{"line":29,"column":54}},"17":{"start":{"line":33,"column":19},"end":{"line":43,"column":1}},"18":{"start":{"line":33,"column":25},"end":{"line":43,"column":1}},"19":{"start":{"line":34,"column":2},"end":{"line":42,"column":3}},"20":{"start":{"line":35,"column":4},"end":{"line":35,"column":25}},"21":{"start":{"line":36,"column":4},"end":{"line":38,"column":7}},"22":{"start":{"line":39,"column":4},"end":{"line":39,"column":51}},"23":{"start":{"line":41,"column":4},"end":{"line":41,"column":16}},"24":{"start":{"line":45,"column":21},"end":{"line":63,"column":1}},"25":{"start":{"line":45,"column":31},"end":{"line":63,"column":1}},"26":{"start":{"line":46,"column":2},"end":{"line":46,"column":44}},"27":{"start":{"line":47,"column":2},"end":{"line":62,"column":3}},"28":{"start":{"line":48,"column":21},"end":{"line":52,"column":6}},"29":{"start":{"line":53,"column":4},"end":{"line":53,"column":68}},"30":{"start":{"line":54,"column":4},"end":{"line":57,"column":7}},"31":{"start":{"line":58,"column":4},"end":{"line":58,"column":54}},"32":{"start":{"line":60,"column":4},"end":{"line":60,"column":79}},"33":{"start":{"line":61,"column":4},"end":{"line":61,"column":51}}},"fnMap":{"0":{"name":"(anonymous_0)","decl":{"start":{"line":14,"column":18},"end":{"line":14,"column":19}},"loc":{"start":{"line":14,"column":28},"end":{"line":31,"column":1}},"line":14},"1":{"name":"(anonymous_1)","decl":{"start":{"line":14,"column":28},"end":{"line":14,"column":29}},"loc":{"start":{"line":14,"column":46},"end":{"line":31,"column":1}},"line":14},"2":{"name":"(anonymous_2)","decl":{"start":{"line":33,"column":19},"end":{"line":33,"column":20}},"loc":{"start":{"line":33,"column":25},"end":{"line":43,"column":1}},"line":33},"3":{"name":"(anonymous_3)","decl":{"start":{"line":33,"column":25},"end":{"line":33,"column":26}},"loc":{"start":{"line":33,"column":43},"end":{"line":43,"column":1}},"line":33},"4":{"name":"(anonymous_4)","decl":{"start":{"line":45,"column":21},"end":{"line":45,"column":22}},"loc":{"start":{"line":45,"column":31},"end":{"line":63,"column":1}},"line":45},"5":{"name":"(anonymous_5)","decl":{"start":{"line":45,"column":31},"end":{"line":45,"column":32}},"loc":{"start":{"line":45,"column":49},"end":{"line":63,"column":1}},"line":45}},"branchMap":{},"s":{"0":6,"1":6,"2":6,"3":6,"4":6,"5":6,"6":6,"7":6,"8":3,"9":2,"10":2,"11":2,"12":1,"13":1,"14":1,"15":1,"16":1,"17":6,"18":1,"19":1,"20":1,"21":1,"22":1,"23":0,"24":6,"25":3,"26":2,"27":2,"28":2,"29":1,"30":1,"31":1,"32":1,"33":1},"f":{"0":3,"1":2,"2":1,"3":1,"4":3,"5":2},"b":{},"_coverageSchema":"43e27e138ebf9cfc5966b082cf9a028302ed4184","hash":"70cbc7b0081506a163a6633e77fa910d571f5714"}
,"/Users/chidozienwoga/Documents/Sendit-react/src/store/actions/cancelParcel.js": {"path":"/Users/chidozienwoga/Documents/Sendit-react/src/store/actions/cancelParcel.js","statementMap":{"0":{"start":{"line":6,"column":37},"end":{"line":6,"column":60}},"1":{"start":{"line":7,"column":37},"end":{"line":7,"column":60}},"2":{"start":{"line":8,"column":35},"end":{"line":8,"column":56}},"3":{"start":{"line":10,"column":21},"end":{"line":24,"column":1}},"4":{"start":{"line":10,"column":27},"end":{"line":24,"column":1}},"5":{"start":{"line":11,"column":16},"end":{"line":11,"column":26}},"6":{"start":{"line":12,"column":2},"end":{"line":12,"column":44}},"7":{"start":{"line":13,"column":2},"end":{"line":23,"column":3}},"8":{"start":{"line":14,"column":4},"end":{"line":16,"column":7}},"9":{"start":{"line":17,"column":4},"end":{"line":17,"column":84}},"10":{"start":{"line":17,"column":42},"end":{"line":17,"column":65}},"11":{"start":{"line":18,"column":4},"end":{"line":18,"column":79}},"12":{"start":{"line":19,"column":4},"end":{"line":19,"column":67}},"13":{"start":{"line":21,"column":4},"end":{"line":21,"column":85}},"14":{"start":{"line":22,"column":4},"end":{"line":22,"column":59}}},"fnMap":{"0":{"name":"(anonymous_0)","decl":{"start":{"line":10,"column":21},"end":{"line":10,"column":22}},"loc":{"start":{"line":10,"column":27},"end":{"line":24,"column":1}},"line":10},"1":{"name":"(anonymous_1)","decl":{"start":{"line":10,"column":27},"end":{"line":10,"column":28}},"loc":{"start":{"line":10,"column":57},"end":{"line":24,"column":1}},"line":10},"2":{"name":"(anonymous_2)","decl":{"start":{"line":17,"column":32},"end":{"line":17,"column":33}},"loc":{"start":{"line":17,"column":42},"end":{"line":17,"column":65}},"line":17}},"branchMap":{},"s":{"0":3,"1":3,"2":3,"3":3,"4":3,"5":2,"6":2,"7":2,"8":2,"9":1,"10":1,"11":1,"12":1,"13":1,"14":1},"f":{"0":3,"1":2,"2":1},"b":{},"_coverageSchema":"43e27e138ebf9cfc5966b082cf9a028302ed4184","hash":"7b8ff7c781f18fe69c8bace5318b1dcb6d38f59e"}
,"/Users/chidozienwoga/Documents/Sendit-react/src/store/actions/createParcels.js": {"path":"/Users/chidozienwoga/Documents/Sendit-react/src/store/actions/createParcels.js","statementMap":{"0":{"start":{"line":6,"column":37},"end":{"line":6,"column":60}},"1":{"start":{"line":7,"column":37},"end":{"line":7,"column":60}},"2":{"start":{"line":8,"column":35},"end":{"line":8,"column":56}},"3":{"start":{"line":10,"column":21},"end":{"line":34,"column":1}},"4":{"start":{"line":10,"column":31},"end":{"line":34,"column":1}},"5":{"start":{"line":11,"column":2},"end":{"line":11,"column":44}},"6":{"start":{"line":12,"column":2},"end":{"line":33,"column":3}},"7":{"start":{"line":13,"column":4},"end":{"line":24,"column":6}},"8":{"start":{"line":25,"column":4},"end":{"line":25,"column":46}},"9":{"start":{"line":26,"column":4},"end":{"line":26,"column":71}},"10":{"start":{"line":28,"column":4},"end":{"line":31,"column":7}},"11":{"start":{"line":32,"column":4},"end":{"line":32,"column":62}}},"fnMap":{"0":{"name":"(anonymous_0)","decl":{"start":{"line":10,"column":21},"end":{"line":10,"column":22}},"loc":{"start":{"line":10,"column":31},"end":{"line":34,"column":1}},"line":10},"1":{"name":"(anonymous_1)","decl":{"start":{"line":10,"column":31},"end":{"line":10,"column":32}},"loc":{"start":{"line":10,"column":61},"end":{"line":34,"column":1}},"line":10}},"branchMap":{},"s":{"0":3,"1":3,"2":3,"3":3,"4":2,"5":2,"6":2,"7":2,"8":1,"9":1,"10":1,"11":1},"f":{"0":2,"1":2},"b":{},"_coverageSchema":"43e27e138ebf9cfc5966b082cf9a028302ed4184","hash":"9eea9260eb96363cbc627686f376e442a063df98"}
,"/Users/chidozienwoga/Documents/Sendit-react/src/store/actions/editDropOffLocation.js": {"path":"/Users/chidozienwoga/Documents/Sendit-react/src/store/actions/editDropOffLocation.js","statementMap":{"0":{"start":{"line":6,"column":49},"end":{"line":6,"column":84}},"1":{"start":{"line":7,"column":49},"end":{"line":7,"column":84}},"2":{"start":{"line":8,"column":47},"end":{"line":8,"column":80}},"3":{"start":{"line":10,"column":30},"end":{"line":36,"column":1}},"4":{"start":{"line":10,"column":50},"end":{"line":36,"column":1}},"5":{"start":{"line":11,"column":16},"end":{"line":11,"column":26}},"6":{"start":{"line":12,"column":2},"end":{"line":12,"column":56}},"7":{"start":{"line":13,"column":2},"end":{"line":35,"column":3}},"8":{"start":{"line":14,"column":4},"end":{"line":22,"column":6}},"9":{"start":{"line":19,"column":51},"end":{"line":19,"column":74}},"10":{"start":{"line":23,"column":4},"end":{"line":23,"column":97}},"11":{"start":{"line":23,"column":42},"end":{"line":23,"column":65}},"12":{"start":{"line":24,"column":4},"end":{"line":27,"column":7}},"13":{"start":{"line":28,"column":4},"end":{"line":28,"column":77}},"14":{"start":{"line":30,"column":4},"end":{"line":33,"column":7}},"15":{"start":{"line":34,"column":4},"end":{"line":34,"column":69}}},"fnMap":{"0":{"name":"(anonymous_0)","decl":{"start":{"line":10,"column":30},"end":{"line":10,"column":31}},"loc":{"start":{"line":10,"column":50},"end":{"line":36,"column":1}},"line":10},"1":{"name":"(anonymous_1)","decl":{"start":{"line":10,"column":50},"end":{"line":10,"column":51}},"loc":{"start":{"line":10,"column":80},"end":{"line":36,"column":1}},"line":10},"2":{"name":"(anonymous_2)","decl":{"start":{"line":19,"column":41},"end":{"line":19,"column":42}},"loc":{"start":{"line":19,"column":51},"end":{"line":19,"column":74}},"line":19},"3":{"name":"(anonymous_3)","decl":{"start":{"line":23,"column":32},"end":{"line":23,"column":33}},"loc":{"start":{"line":23,"column":42},"end":{"line":23,"column":65}},"line":23}},"branchMap":{"0":{"loc":{"start":{"line":18,"column":10},"end":{"line":19,"column":92}},"type":"binary-expr","locations":[{"start":{"line":18,"column":10},"end":{"line":18,"column":20}},{"start":{"line":19,"column":13},"end":{"line":19,"column":92}}],"line":18}},"s":{"0":3,"1":3,"2":3,"3":3,"4":3,"5":2,"6":2,"7":2,"8":2,"9":0,"10":1,"11":1,"12":1,"13":1,"14":1,"15":1},"f":{"0":3,"1":2,"2":0,"3":1},"b":{"0":[2,0]},"_coverageSchema":"43e27e138ebf9cfc5966b082cf9a028302ed4184","hash":"a87bd2210fd03ad6cf62adbc18207882e01950e1"}
,"/Users/chidozienwoga/Documents/Sendit-react/src/store/actions/getAllUserParcels.js": {"path":"/Users/chidozienwoga/Documents/Sendit-react/src/store/actions/getAllUserParcels.js","statementMap":{"0":{"start":{"line":6,"column":40},"end":{"line":6,"column":66}},"1":{"start":{"line":7,"column":40},"end":{"line":7,"column":66}},"2":{"start":{"line":8,"column":38},"end":{"line":8,"column":62}},"3":{"start":{"line":10,"column":25},"end":{"line":36,"column":1}},"4":{"start":{"line":10,"column":31},"end":{"line":36,"column":1}},"5":{"start":{"line":11,"column":2},"end":{"line":11,"column":47}},"6":{"start":{"line":12,"column":19},"end":{"line":12,"column":39}},"7":{"start":{"line":13,"column":2},"end":{"line":35,"column":3}},"8":{"start":{"line":14,"column":21},"end":{"line":16,"column":6}},"9":{"start":{"line":17,"column":4},"end":{"line":20,"column":7}},"10":{"start":{"line":21,"column":4},"end":{"line":26,"column":6}},"11":{"start":{"line":28,"column":4},"end":{"line":28,"column":80}},"12":{"start":{"line":29,"column":4},"end":{"line":34,"column":6}}},"fnMap":{"0":{"name":"(anonymous_0)","decl":{"start":{"line":10,"column":25},"end":{"line":10,"column":26}},"loc":{"start":{"line":10,"column":31},"end":{"line":36,"column":1}},"line":10},"1":{"name":"(anonymous_1)","decl":{"start":{"line":10,"column":31},"end":{"line":10,"column":32}},"loc":{"start":{"line":10,"column":61},"end":{"line":36,"column":1}},"line":10}},"branchMap":{},"s":{"0":3,"1":3,"2":3,"3":3,"4":3,"5":2,"6":2,"7":2,"8":2,"9":1,"10":1,"11":1,"12":1},"f":{"0":3,"1":2},"b":{},"_coverageSchema":"43e27e138ebf9cfc5966b082cf9a028302ed4184","hash":"8f58012be016d3fbc141066c8a0263f74fb81e83"}
,"/Users/chidozienwoga/Documents/Sendit-react/src/store/reducers/authReducer.js": {"path":"/Users/chidozienwoga/Documents/Sendit-react/src/store/reducers/authReducer.js","statementMap":{"0":{"start":{"line":11,"column":17},"end":{"line":11,"column":61}},"1":{"start":{"line":12,"column":21},"end":{"line":21,"column":1}},"2":{"start":{"line":22,"column":20},"end":{"line":107,"column":1}},"3":{"start":{"line":23,"column":2},"end":{"line":106,"column":3}},"4":{"start":{"line":25,"column":6},"end":{"line":34,"column":8}},"5":{"start":{"line":36,"column":6},"end":{"line":45,"column":8}},"6":{"start":{"line":47,"column":6},"end":{"line":57,"column":8}},"7":{"start":{"line":59,"column":6},"end":{"line":69,"column":8}},"8":{"start":{"line":71,"column":6},"end":{"line":81,"column":8}},"9":{"start":{"line":83,"column":6},"end":{"line":92,"column":8}},"10":{"start":{"line":94,"column":6},"end":{"line":103,"column":8}},"11":{"start":{"line":105,"column":6},"end":{"line":105,"column":19}}},"fnMap":{"0":{"name":"(anonymous_0)","decl":{"start":{"line":22,"column":20},"end":{"line":22,"column":21}},"loc":{"start":{"line":22,"column":54},"end":{"line":107,"column":1}},"line":22}},"branchMap":{"0":{"loc":{"start":{"line":16,"column":10},"end":{"line":16,"column":39}},"type":"cond-expr","locations":[{"start":{"line":16,"column":21},"end":{"line":16,"column":34}},{"start":{"line":16,"column":37},"end":{"line":16,"column":39}}],"line":16},"1":{"loc":{"start":{"line":17,"column":17},"end":{"line":17,"column":47}},"type":"cond-expr","locations":[{"start":{"line":17,"column":28},"end":{"line":17,"column":42}},{"start":{"line":17,"column":45},"end":{"line":17,"column":47}}],"line":17},"2":{"loc":{"start":{"line":22,"column":21},"end":{"line":22,"column":41}},"type":"default-arg","locations":[{"start":{"line":22,"column":29},"end":{"line":22,"column":41}}],"line":22},"3":{"loc":{"start":{"line":23,"column":2},"end":{"line":106,"column":3}},"type":"switch","locations":[{"start":{"line":24,"column":4},"end":{"line":34,"column":8}},{"start":{"line":35,"column":4},"end":{"line":45,"column":8}},{"start":{"line":46,"column":4},"end":{"line":57,"column":8}},{"start":{"line":58,"column":4},"end":{"line":69,"column":8}},{"start":{"line":70,"column":4},"end":{"line":81,"column":8}},{"start":{"line":82,"column":4},"end":{"line":92,"column":8}},{"start":{"line":93,"column":4},"end":{"line":103,"column":8}},{"start":{"line":104,"column":4},"end":{"line":105,"column":19}}],"line":23}},"s":{"0":1,"1":1,"2":1,"3":8,"4":1,"5":1,"6":1,"7":1,"8":1,"9":1,"10":1,"11":1},"f":{"0":8},"b":{"0":[0,1],"1":[0,1],"2":[1],"3":[1,1,1,1,1,1,1,1]},"_coverageSchema":"43e27e138ebf9cfc5966b082cf9a028302ed4184","hash":"fb95654df7ed60882fe1673d949d52bac25857d8"}
}
