TN:
SF:/Users/chidozienwoga/Documents/Sendit-react/src/AppRouter/AppRouter.jsx
FN:11,(anonymous_0)
FNF:1
FNH:1
FNDA:1,(anonymous_0)
DA:11,1
DA:12,1
LF:2
LH:2
BRF:0
BRH:0
end_of_record
TN:
SF:/Users/chidozienwoga/Documents/Sendit-react/src/AppRouter/index.js
FNF:0
FNH:0
LF:0
LH:0
BRF:0
BRH:0
end_of_record
TN:
SF:/Users/chidozienwoga/Documents/Sendit-react/src/Auth/Logout/Logout.jsx
FN:6,(anonymous_0)
FN:12,(anonymous_1)
FN:16,(anonymous_2)
FN:17,(anonymous_3)
FNF:4
FNH:0
FNDA:0,(anonymous_0)
FNDA:0,(anonymous_1)
FNDA:0,(anonymous_2)
FNDA:0,(anonymous_3)
DA:7,0
DA:8,0
DA:9,0
DA:13,0
DA:16,2
DA:17,0
DA:19,2
LF:7
LH:2
BRF:0
BRH:0
end_of_record
TN:
SF:/Users/chidozienwoga/Documents/Sendit-react/src/Auth/Logout/index.js
FNF:0
FNH:0
LF:0
LH:0
BRF:0
BRH:0
end_of_record
TN:
SF:/Users/chidozienwoga/Documents/Sendit-react/src/Auth/Signin/Signin.jsx
FN:8,(anonymous_0)
FN:15,(anonymous_1)
FN:20,(anonymous_2)
FN:26,(anonymous_3)
FN:31,(anonymous_4)
FN:32,(anonymous_5)
FNF:6
FNH:5
FNDA:0,(anonymous_0)
FNDA:1,(anonymous_1)
FNDA:8,(anonymous_2)
FNDA:2,(anonymous_3)
FNDA:2,(anonymous_4)
FNDA:1,(anonymous_5)
DA:9,0
DA:10,0
DA:11,0
DA:16,1
DA:17,1
DA:21,8
DA:22,8
DA:26,2
DA:31,2
DA:32,1
DA:35,2
DA:39,2
LF:12
LH:9
BRDA:10,0,0,0
BRDA:10,0,1,0
BRF:2
BRH:0
end_of_record
TN:
SF:/Users/chidozienwoga/Documents/Sendit-react/src/Auth/Signin/index.js
FNF:0
FNH:0
LF:0
LH:0
BRF:0
BRH:0
end_of_record
TN:
SF:/Users/chidozienwoga/Documents/Sendit-react/src/Auth/Signin/SigninForm/index.jsx
FN:14,(anonymous_0)
FNF:1
FNH:1
FNDA:12,(anonymous_0)
DA:14,2
DA:15,12
DA:80,2
LF:3
LH:3
BRDA:17,0,0,12
BRDA:17,0,1,1
BRDA:67,1,0,12
BRDA:67,1,1,4
BRF:4
BRH:4
end_of_record
TN:
SF:/Users/chidozienwoga/Documents/Sendit-react/src/Auth/Signup/Signup.jsx
FN:8,(anonymous_0)
FN:15,(anonymous_1)
FN:20,(anonymous_2)
FN:24,(anonymous_3)
FN:29,(anonymous_4)
FN:30,(anonymous_5)
FNF:6
FNH:5
FNDA:0,(anonymous_0)
FNDA:1,(anonymous_1)
FNDA:7,(anonymous_2)
FNDA:2,(anonymous_3)
FNDA:2,(anonymous_4)
FNDA:1,(anonymous_5)
DA:9,0
DA:10,0
DA:11,0
DA:16,1
DA:17,1
DA:21,7
DA:24,2
DA:29,2
DA:30,1
DA:33,2
DA:37,2
LF:11
LH:8
BRDA:10,0,0,0
BRDA:10,0,1,0
BRF:2
BRH:0
end_of_record
TN:
SF:/Users/chidozienwoga/Documents/Sendit-react/src/Auth/Signup/index.js
FNF:0
FNH:0
LF:0
LH:0
BRF:0
BRH:0
end_of_record
TN:
SF:/Users/chidozienwoga/Documents/Sendit-react/src/Auth/Signup/SignupForm/index.jsx
FN:14,(anonymous_0)
FNF:1
FNH:1
FNDA:11,(anonymous_0)
DA:14,2
DA:15,11
DA:104,2
LF:3
LH:3
BRDA:17,0,0,11
BRDA:17,0,1,0
BRDA:83,1,0,11
BRDA:83,1,1,4
BRF:4
BRH:3
end_of_record
TN:
SF:/Users/chidozienwoga/Documents/Sendit-react/src/components/Input/Input.jsx
FN:4,(anonymous_0)
FNF:1
FNH:1
FNDA:76,(anonymous_0)
DA:4,4
DA:5,76
LF:2
LH:2
BRF:0
BRH:0
end_of_record
TN:
SF:/Users/chidozienwoga/Documents/Sendit-react/src/components/Input/index.js
FNF:0
FNH:0
LF:0
LH:0
BRF:0
BRH:0
end_of_record
TN:
SF:/Users/chidozienwoga/Documents/Sendit-react/src/components/Table/Table.jsx
FN:6,(anonymous_0)
FN:28,(anonymous_1)
FN:35,(anonymous_2)
FN:51,(anonymous_3)
FNF:4
FNH:2
FNDA:2,(anonymous_0)
FNDA:20,(anonymous_1)
FNDA:0,(anonymous_2)
FNDA:0,(anonymous_3)
DA:6,3
DA:25,2
DA:29,20
DA:36,0
DA:52,0
DA:78,3
LF:6
LH:4
BRDA:34,0,0,0
BRDA:34,0,1,2
BRF:2
BRH:1
end_of_record
TN:
SF:/Users/chidozienwoga/Documents/Sendit-react/src/components/Table/index.js
FNF:0
FNH:0
LF:0
LH:0
BRF:0
BRH:0
end_of_record
TN:
SF:/Users/chidozienwoga/Documents/Sendit-react/src/components/TableRow/TableRow.jsx
FN:25,(anonymous_0)
FN:41,(anonymous_1)
FN:63,(anonymous_2)
FN:75,(anonymous_3)
FN:80,(anonymous_4)
FN:137,(anonymous_5)
FN:178,(anonymous_6)
FN:189,(anonymous_7)
FN:210,(anonymous_8)
FN:229,(anonymous_9)
FN:246,(anonymous_10)
FN:276,(anonymous_11)
FN:280,(anonymous_12)
FNF:13
FNH:13
FNDA:2,(anonymous_0)
FNDA:1,(anonymous_1)
FNDA:2,(anonymous_2)
FNDA:1,(anonymous_3)
FNDA:3,(anonymous_4)
FNDA:9,(anonymous_5)
FNDA:1,(anonymous_6)
FNDA:1,(anonymous_7)
FNDA:1,(anonymous_8)
FNDA:1,(anonymous_9)
FNDA:1,(anonymous_10)
FNDA:2,(anonymous_11)
FNDA:1,(anonymous_12)
DA:26,2
DA:28,2
DA:29,0
DA:30,0
DA:33,0
DA:35,0
DA:36,0
DA:42,1
DA:43,1
DA:44,0
DA:49,1
DA:50,0
DA:55,1
DA:56,0
DA:64,2
DA:65,2
DA:66,1
DA:70,1
DA:76,1
DA:77,1
DA:92,3
DA:97,3
DA:99,3
DA:100,2
DA:102,1
DA:104,2
DA:105,2
DA:106,2
DA:107,2
DA:108,0
DA:109,0
DA:113,2
DA:114,2
DA:117,2
DA:118,0
DA:120,2
DA:121,1
DA:123,2
DA:124,1
DA:126,2
DA:127,0
DA:131,0
DA:155,9
DA:156,9
DA:157,9
DA:178,1
DA:189,1
DA:210,1
DA:229,1
DA:246,1
DA:276,2
DA:280,1
DA:291,4
LF:53
LH:40
BRDA:29,0,0,0
BRDA:29,0,1,0
BRDA:29,1,0,0
BRDA:29,1,1,0
BRDA:43,2,0,0
BRDA:43,2,1,1
BRDA:49,3,0,0
BRDA:49,3,1,1
BRDA:55,4,0,0
BRDA:55,4,1,1
BRDA:65,5,0,1
BRDA:65,5,1,1
BRDA:99,6,0,2
BRDA:99,6,1,1
BRDA:106,7,0,2
BRDA:106,7,1,0
BRDA:107,8,0,0
BRDA:107,8,1,2
BRDA:117,9,0,0
BRDA:117,9,1,2
BRDA:117,10,0,2
BRDA:117,10,1,1
BRDA:117,10,2,0
BRDA:120,11,0,1
BRDA:120,11,1,1
BRDA:120,12,0,2
BRDA:120,12,1,1
BRDA:123,13,0,1
BRDA:123,13,1,1
BRDA:123,14,0,2
BRDA:123,14,1,1
BRDA:126,15,0,0
BRDA:126,15,1,2
BRDA:126,16,0,2
BRDA:126,16,1,1
BRDA:159,17,0,3
BRDA:159,17,1,6
BRDA:182,18,0,0
BRDA:182,18,1,3
BRDA:206,19,0,3
BRDA:206,19,1,3
BRDA:208,20,0,3
BRDA:208,20,1,3
BRDA:223,21,0,3
BRDA:223,21,1,3
BRDA:227,22,0,3
BRDA:227,22,1,3
BRDA:241,23,0,3
BRDA:241,23,1,3
BRDA:249,24,0,0
BRDA:249,24,1,3
BRDA:251,25,0,0
BRDA:251,25,1,3
BRDA:270,26,0,3
BRDA:270,26,1,3
BRDA:279,27,0,3
BRDA:279,27,1,3
BRF:57
BRH:42
end_of_record
TN:
SF:/Users/chidozienwoga/Documents/Sendit-react/src/components/TableRow/index.js
FNF:0
FNH:0
LF:0
LH:0
BRF:0
BRH:0
end_of_record
TN:
SF:/Users/chidozienwoga/Documents/Sendit-react/src/components/styledComponent/BackgroundImg/BackgroundImg.jsx
FNF:0
FNH:0
DA:3,5
LF:1
LH:1
BRF:0
BRH:0
end_of_record
TN:
SF:/Users/chidozienwoga/Documents/Sendit-react/src/components/styledComponent/BackgroundImg/index.js
FNF:0
FNH:0
LF:0
LH:0
BRF:0
BRH:0
end_of_record
TN:
SF:/Users/chidozienwoga/Documents/Sendit-react/src/components/styledComponent/Button/Button.jsx
FN:4,(anonymous_0)
FN:10,(anonymous_1)
FN:12,(anonymous_2)
FN:16,(anonymous_3)
FNF:4
FNH:4
FNDA:40,(anonymous_0)
FNDA:40,(anonymous_1)
FNDA:40,(anonymous_2)
FNDA:40,(anonymous_3)
DA:3,9
DA:4,40
DA:10,40
DA:12,40
DA:16,40
LF:5
LH:5
BRDA:4,0,0,7
BRDA:4,0,1,33
BRDA:10,1,0,7
BRDA:10,1,1,33
BRDA:12,2,0,2
BRDA:12,2,1,38
BRDA:16,3,0,7
BRDA:16,3,1,33
BRF:8
BRH:8
end_of_record
TN:
SF:/Users/chidozienwoga/Documents/Sendit-react/src/components/styledComponent/Button/index.js
FNF:0
FNH:0
LF:0
LH:0
BRF:0
BRH:0
end_of_record
TN:
SF:/Users/chidozienwoga/Documents/Sendit-react/src/components/styledComponent/FooterComp/FooterComp.jsx
FNF:0
FNH:0
DA:3,1
LF:1
LH:1
BRF:0
BRH:0
end_of_record
TN:
SF:/Users/chidozienwoga/Documents/Sendit-react/src/components/styledComponent/FormCard/FormCard.jsx
FNF:0
FNH:0
DA:3,4
LF:1
LH:1
BRF:0
BRH:0
end_of_record
TN:
SF:/Users/chidozienwoga/Documents/Sendit-react/src/components/styledComponent/FormCard/index.js
FNF:0
FNH:0
LF:0
LH:0
BRF:0
BRH:0
end_of_record
TN:
SF:/Users/chidozienwoga/Documents/Sendit-react/src/components/styledComponent/Input/Input.jsx
FNF:0
FNH:0
DA:3,5
LF:1
LH:1
BRF:0
BRH:0
end_of_record
TN:
SF:/Users/chidozienwoga/Documents/Sendit-react/src/components/styledComponent/NavbarComp/NavbarComp.jsx
FNF:0
FNH:0
DA:3,1
DA:14,1
LF:2
LH:2
BRF:0
BRH:0
end_of_record
TN:
SF:/Users/chidozienwoga/Documents/Sendit-react/src/components/styledComponent/TableComp/TableComp.jsx
FN:68,(anonymous_0)
FNF:1
FNH:1
FNDA:1,(anonymous_0)
DA:3,5
DA:11,5
DA:16,5
DA:23,5
DA:28,5
DA:43,5
DA:52,5
DA:66,5
DA:68,1
DA:75,5
LF:10
LH:10
BRDA:68,0,0,1
BRDA:68,0,1,1
BRF:2
BRH:2
end_of_record
TN:
SF:/Users/chidozienwoga/Documents/Sendit-react/src/config/index.js
FNF:0
FNH:0
LF:0
LH:0
BRF:0
BRH:0
end_of_record
TN:
SF:/Users/chidozienwoga/Documents/Sendit-react/src/pages/CreateParcel/CreateParcel.jsx
FN:8,(anonymous_0)
FN:13,(anonymous_1)
FN:21,(anonymous_2)
FN:26,(anonymous_3)
FN:27,(anonymous_4)
FNF:5
FNH:1
FNDA:0,(anonymous_0)
FNDA:2,(anonymous_1)
FNDA:0,(anonymous_2)
FNDA:0,(anonymous_3)
FNDA:0,(anonymous_4)
DA:9,0
DA:10,0
DA:14,2
DA:15,2
DA:21,2
DA:26,2
DA:27,0
DA:30,2
DA:34,2
LF:9
LH:6
BRF:0
BRH:0
end_of_record
TN:
SF:/Users/chidozienwoga/Documents/Sendit-react/src/pages/CreateParcel/index.js
FNF:0
FNH:0
LF:0
LH:0
BRF:0
BRH:0
end_of_record
TN:
SF:/Users/chidozienwoga/Documents/Sendit-react/src/pages/CreateParcel/CreateParcelForm/index.jsx
FN:12,(anonymous_0)
FN:152,(anonymous_1)
FNF:2
FNH:2
FNDA:8,(anonymous_0)
FNDA:14,(anonymous_1)
DA:12,2
DA:19,8
DA:151,2
DA:152,2
DA:153,14
DA:154,14
DA:160,2
LF:7
LH:7
BRDA:21,0,0,8
BRDA:21,0,1,0
BRDA:138,1,0,8
BRDA:138,1,1,4
BRDA:138,1,2,2
BRF:5
BRH:4
end_of_record
TN:
SF:/Users/chidozienwoga/Documents/Sendit-react/src/pages/HomePage/HomePage.jsx
FN:6,(anonymous_0)
FNF:1
FNH:1
FNDA:1,(anonymous_0)
DA:6,2
DA:7,1
LF:2
LH:2
BRF:0
BRH:0
end_of_record
TN:
SF:/Users/chidozienwoga/Documents/Sendit-react/src/pages/HomePage/index.js
FNF:0
FNH:0
LF:0
LH:0
BRF:0
BRH:0
end_of_record
TN:
SF:/Users/chidozienwoga/Documents/Sendit-react/src/pages/ProfilePage/ProfilePage.jsx
FN:26,(anonymous_0)
FN:33,(anonymous_1)
FN:38,(anonymous_2)
FN:44,(anonymous_3)
FN:50,(anonymous_4)
FN:176,(anonymous_5)
FN:180,(anonymous_6)
FN:181,(anonymous_7)
FN:182,(anonymous_8)
FN:183,(anonymous_9)
FNF:10
FNH:9
FNDA:1,(anonymous_0)
FNDA:1,(anonymous_1)
FNDA:1,(anonymous_2)
FNDA:1,(anonymous_3)
FNDA:3,(anonymous_4)
FNDA:0,(anonymous_5)
FNDA:3,(anonymous_6)
FNDA:1,(anonymous_7)
FNDA:1,(anonymous_8)
FNDA:1,(anonymous_9)
DA:12,2
DA:27,1
DA:28,1
DA:34,1
DA:35,1
DA:39,1
DA:45,1
DA:55,3
DA:56,3
DA:57,3
DA:176,2
DA:180,3
DA:181,1
DA:182,1
DA:184,1
DA:187,2
DA:195,2
LF:17
LH:17
BRDA:89,0,0,2
BRDA:89,0,1,1
BRDA:125,1,0,1
BRDA:125,1,1,0
BRF:4
BRH:3
end_of_record
TN:
SF:/Users/chidozienwoga/Documents/Sendit-react/src/pages/ProfilePage/index.js
FNF:0
FNH:0
LF:0
LH:0
BRF:0
BRH:0
end_of_record
TN:
SF:/Users/chidozienwoga/Documents/Sendit-react/src/store/actions/authUser.js
FN:14,(anonymous_0)
FN:14,(anonymous_1)
FN:33,(anonymous_2)
FN:33,(anonymous_3)
FN:45,(anonymous_4)
FN:45,(anonymous_5)
FNF:6
FNH:6
FNDA:3,(anonymous_0)
FNDA:2,(anonymous_1)
FNDA:1,(anonymous_2)
FNDA:1,(anonymous_3)
FNDA:3,(anonymous_4)
FNDA:2,(anonymous_5)
DA:6,6
DA:7,6
DA:8,6
DA:9,6
DA:10,6
DA:11,6
DA:12,6
DA:14,6
DA:15,2
DA:16,2
DA:17,2
DA:21,1
DA:22,1
DA:26,1
DA:28,1
DA:29,1
DA:33,6
DA:34,1
DA:35,1
DA:36,1
DA:39,1
DA:41,0
DA:45,6
DA:46,2
DA:47,2
DA:48,2
DA:53,1
DA:54,1
DA:58,1
DA:60,1
DA:61,1
LF:31
LH:30
BRF:0
BRH:0
end_of_record
TN:
SF:/Users/chidozienwoga/Documents/Sendit-react/src/store/actions/cancelParcel.js
FN:10,(anonymous_0)
FN:10,(anonymous_1)
FN:17,(anonymous_2)
FNF:3
FNH:3
FNDA:3,(anonymous_0)
FNDA:2,(anonymous_1)
FNDA:1,(anonymous_2)
DA:6,3
DA:7,3
DA:8,3
DA:10,3
DA:11,2
DA:12,2
DA:13,2
DA:14,2
DA:17,1
DA:18,1
DA:19,1
DA:21,1
DA:22,1
LF:13
LH:13
BRF:0
BRH:0
end_of_record
TN:
SF:/Users/chidozienwoga/Documents/Sendit-react/src/store/actions/createParcels.js
FN:10,(anonymous_0)
FN:10,(anonymous_1)
FNF:2
FNH:2
FNDA:2,(anonymous_0)
FNDA:2,(anonymous_1)
DA:6,3
DA:7,3
DA:8,3
DA:10,3
DA:11,2
DA:12,2
DA:13,2
DA:25,1
DA:26,1
DA:28,1
DA:32,1
LF:11
LH:11
BRF:0
BRH:0
end_of_record
TN:
SF:/Users/chidozienwoga/Documents/Sendit-react/src/store/actions/editDropOffLocation.js
FN:10,(anonymous_0)
FN:10,(anonymous_1)
FN:19,(anonymous_2)
FN:23,(anonymous_3)
FNF:4
FNH:3
FNDA:3,(anonymous_0)
FNDA:2,(anonymous_1)
FNDA:0,(anonymous_2)
FNDA:1,(anonymous_3)
DA:6,3
DA:7,3
DA:8,3
DA:10,3
DA:11,2
DA:12,2
DA:13,2
DA:14,2
DA:19,0
DA:23,1
DA:24,1
DA:28,1
DA:30,1
DA:34,1
LF:14
LH:13
BRDA:18,0,0,2
BRDA:18,0,1,0
BRF:2
BRH:1
end_of_record
TN:
SF:/Users/chidozienwoga/Documents/Sendit-react/src/store/actions/getAllUserParcels.js
FN:10,(anonymous_0)
FN:10,(anonymous_1)
FNF:2
FNH:2
FNDA:3,(anonymous_0)
FNDA:2,(anonymous_1)
DA:6,3
DA:7,3
DA:8,3
DA:10,3
DA:11,2
DA:12,2
DA:13,2
DA:14,2
DA:17,1
DA:21,1
DA:28,1
DA:29,1
LF:12
LH:12
BRF:0
BRH:0
end_of_record
TN:
SF:/Users/chidozienwoga/Documents/Sendit-react/src/store/reducers/authReducer.js
FN:22,(anonymous_0)
FNF:1
FNH:1
FNDA:8,(anonymous_0)
DA:11,1
DA:12,1
DA:22,1
DA:23,8
DA:25,1
DA:36,1
DA:47,1
DA:59,1
DA:71,1
DA:83,1
DA:94,1
DA:105,1
LF:12
LH:12
BRDA:16,0,0,0
BRDA:16,0,1,1
BRDA:17,1,0,0
BRDA:17,1,1,1
BRDA:22,2,0,1
BRDA:23,3,0,1
BRDA:23,3,1,1
BRDA:23,3,2,1
BRDA:23,3,3,1
BRDA:23,3,4,1
BRDA:23,3,5,1
BRDA:23,3,6,1
BRDA:23,3,7,1
BRF:13
BRH:11
end_of_record
