TN:
SF:/Users/chidozienwoga/Documents/Sendit-react/src/AppRouter/index.jsx
FN:6,(anonymous_0)
FN:8,(anonymous_1)
FNF:2
FNH:1
FNDA:0,(anonymous_0)
FNDA:1,(anonymous_1)
DA:6,1
DA:8,1
DA:9,1
LF:3
LH:3
BRF:0
BRH:0
end_of_record
TN:
SF:/Users/chidozienwoga/Documents/Sendit-react/src/Auth/Signin/index.jsx
FN:8,(anonymous_0)
FN:15,(anonymous_1)
FN:20,(anonymous_2)
FN:26,(anonymous_3)
FN:31,(anonymous_4)
FN:32,(anonymous_5)
FNF:6
FNH:5
FNDA:0,(anonymous_0)
FNDA:1,(anonymous_1)
FNDA:8,(anonymous_2)
FNDA:2,(anonymous_3)
FNDA:2,(anonymous_4)
FNDA:1,(anonymous_5)
DA:9,0
DA:10,0
DA:11,0
DA:16,1
DA:17,1
DA:21,8
DA:22,8
DA:26,2
DA:31,2
DA:32,1
DA:35,2
DA:42,2
LF:12
LH:9
BRDA:10,0,0,0
BRDA:10,0,1,0
BRF:2
BRH:0
end_of_record
TN:
SF:/Users/chidozienwoga/Documents/Sendit-react/src/Auth/Signin/SigninForm/index.jsx
FN:13,(anonymous_0)
FNF:1
FNH:1
FNDA:12,(anonymous_0)
DA:13,2
DA:14,12
LF:2
LH:2
BRDA:16,0,0,12
BRDA:16,0,1,1
BRDA:66,1,0,12
BRDA:66,1,1,4
BRF:4
BRH:4
end_of_record
TN:
SF:/Users/chidozienwoga/Documents/Sendit-react/src/Components/Input/index.jsx
FN:4,(anonymous_0)
FNF:1
FNH:1
FNDA:22,(anonymous_0)
DA:4,2
DA:7,22
LF:2
LH:2
BRF:0
BRH:0
end_of_record
TN:
SF:/Users/chidozienwoga/Documents/Sendit-react/src/Components/Table/index.jsx
FN:5,(anonymous_0)
FN:27,(anonymous_1)
FN:34,(anonymous_2)
FN:50,(anonymous_3)
FNF:4
FNH:2
FNDA:2,(anonymous_0)
FNDA:20,(anonymous_1)
FNDA:0,(anonymous_2)
FNDA:0,(anonymous_3)
DA:5,1
DA:24,2
DA:28,20
DA:35,0
DA:51,0
LF:5
LH:3
BRDA:33,0,0,0
BRDA:33,0,1,2
BRF:2
BRH:1
end_of_record
TN:
SF:/Users/chidozienwoga/Documents/Sendit-react/src/Components/TableRow/index.jsx
FN:19,(anonymous_0)
FN:34,(anonymous_1)
FN:56,(anonymous_2)
FN:68,(anonymous_3)
FN:73,(anonymous_4)
FN:126,(anonymous_5)
FN:165,(anonymous_6)
FN:173,(anonymous_7)
FN:194,(anonymous_8)
FN:214,(anonymous_9)
FN:232,(anonymous_10)
FN:260,(anonymous_11)
FN:264,(anonymous_12)
FNF:13
FNH:13
FNDA:2,(anonymous_0)
FNDA:1,(anonymous_1)
FNDA:2,(anonymous_2)
FNDA:1,(anonymous_3)
FNDA:3,(anonymous_4)
FNDA:9,(anonymous_5)
FNDA:1,(anonymous_6)
FNDA:1,(anonymous_7)
FNDA:1,(anonymous_8)
FNDA:1,(anonymous_9)
FNDA:1,(anonymous_10)
FNDA:2,(anonymous_11)
FNDA:1,(anonymous_12)
DA:20,2
DA:21,2
DA:22,0
DA:23,0
DA:26,0
DA:28,0
DA:29,0
DA:35,1
DA:36,1
DA:37,0
DA:42,1
DA:43,0
DA:48,1
DA:49,0
DA:57,2
DA:58,2
DA:59,1
DA:63,1
DA:69,1
DA:70,1
DA:85,3
DA:86,3
DA:88,3
DA:89,2
DA:91,1
DA:93,2
DA:94,2
DA:95,2
DA:96,2
DA:97,0
DA:98,0
DA:102,2
DA:103,2
DA:106,2
DA:107,0
DA:109,2
DA:110,1
DA:112,2
DA:113,1
DA:115,2
DA:116,0
DA:120,0
DA:144,9
DA:145,9
DA:146,9
DA:165,1
DA:173,1
DA:194,1
DA:214,1
DA:232,1
DA:260,2
DA:264,1
LF:52
LH:39
BRDA:22,0,0,0
BRDA:22,0,1,0
BRDA:22,1,0,0
BRDA:22,1,1,0
BRDA:36,2,0,0
BRDA:36,2,1,1
BRDA:42,3,0,0
BRDA:42,3,1,1
BRDA:48,4,0,0
BRDA:48,4,1,1
BRDA:58,5,0,1
BRDA:58,5,1,1
BRDA:88,6,0,2
BRDA:88,6,1,1
BRDA:95,7,0,2
BRDA:95,7,1,0
BRDA:96,8,0,0
BRDA:96,8,1,2
BRDA:106,9,0,0
BRDA:106,9,1,2
BRDA:106,10,0,2
BRDA:106,10,1,1
BRDA:106,10,2,0
BRDA:109,11,0,1
BRDA:109,11,1,1
BRDA:109,12,0,2
BRDA:109,12,1,1
BRDA:112,13,0,1
BRDA:112,13,1,1
BRDA:112,14,0,2
BRDA:112,14,1,1
BRDA:115,15,0,0
BRDA:115,15,1,2
BRDA:115,16,0,2
BRDA:115,16,1,1
BRDA:148,17,0,3
BRDA:148,17,1,6
BRDA:167,18,0,0
BRDA:167,18,1,3
BRDA:190,19,0,3
BRDA:190,19,1,3
BRDA:192,20,0,3
BRDA:192,20,1,3
BRDA:208,21,0,3
BRDA:208,21,1,3
BRDA:212,22,0,3
BRDA:212,22,1,3
BRDA:227,23,0,3
BRDA:227,23,1,3
BRDA:235,24,0,0
BRDA:235,24,1,3
BRDA:237,25,0,0
BRDA:237,25,1,3
BRDA:255,26,0,3
BRDA:255,26,1,3
BRDA:263,27,0,3
BRDA:263,27,1,3
BRF:57
BRH:42
end_of_record
TN:
SF:/Users/chidozienwoga/Documents/Sendit-react/src/Components/styledComponent/BackgroundImg.jsx
FNF:0
FNH:0
DA:3,3
LF:1
LH:1
BRF:0
BRH:0
end_of_record
TN:
SF:/Users/chidozienwoga/Documents/Sendit-react/src/Components/styledComponent/Button.jsx
FN:4,(anonymous_0)
FN:10,(anonymous_1)
FN:12,(anonymous_2)
FN:16,(anonymous_3)
FNF:4
FNH:4
FNDA:15,(anonymous_0)
FNDA:15,(anonymous_1)
FNDA:15,(anonymous_2)
FNDA:15,(anonymous_3)
DA:3,5
DA:4,15
DA:10,15
DA:12,15
DA:16,15
LF:5
LH:5
BRDA:4,0,0,1
BRDA:4,0,1,14
BRDA:10,1,0,1
BRDA:10,1,1,14
BRDA:12,2,0,2
BRDA:12,2,1,13
BRDA:16,3,0,1
BRDA:16,3,1,14
BRF:8
BRH:8
end_of_record
TN:
SF:/Users/chidozienwoga/Documents/Sendit-react/src/Components/styledComponent/FooterComp.jsx
FNF:0
FNH:0
DA:3,1
LF:1
LH:1
BRF:0
BRH:0
end_of_record
TN:
SF:/Users/chidozienwoga/Documents/Sendit-react/src/Components/styledComponent/FormCard.jsx
FNF:0
FNH:0
DA:3,3
LF:1
LH:1
BRF:0
BRH:0
end_of_record
TN:
SF:/Users/chidozienwoga/Documents/Sendit-react/src/Components/styledComponent/Input.jsx
FNF:0
FNH:0
DA:3,3
LF:1
LH:1
BRF:0
BRH:0
end_of_record
TN:
SF:/Users/chidozienwoga/Documents/Sendit-react/src/Components/styledComponent/Loader.jsx
FNF:0
FNH:0
DA:3,1
LF:1
LH:1
BRF:0
BRH:0
end_of_record
TN:
SF:/Users/chidozienwoga/Documents/Sendit-react/src/Components/styledComponent/NavbarComp.jsx
FNF:0
FNH:0
DA:3,1
DA:14,1
LF:2
LH:2
BRF:0
BRH:0
end_of_record
TN:
SF:/Users/chidozienwoga/Documents/Sendit-react/src/Components/styledComponent/TableComp.jsx
FN:68,(anonymous_0)
FNF:1
FNH:1
FNDA:1,(anonymous_0)
DA:3,3
DA:11,3
DA:16,3
DA:23,3
DA:28,3
DA:43,3
DA:52,3
DA:66,3
DA:68,1
DA:75,3
LF:10
LH:10
BRDA:68,0,0,1
BRDA:68,0,1,1
BRF:2
BRH:2
end_of_record
TN:
SF:/Users/chidozienwoga/Documents/Sendit-react/src/config/index.js
FNF:0
FNH:0
LF:0
LH:0
BRF:0
BRH:0
end_of_record
TN:
SF:/Users/chidozienwoga/Documents/Sendit-react/src/store/actions/authUser.js
FN:11,(anonymous_0)
FN:11,(anonymous_1)
FN:30,(anonymous_2)
FN:30,(anonymous_3)
FNF:4
FNH:1
FNDA:1,(anonymous_0)
FNDA:0,(anonymous_1)
FNDA:0,(anonymous_2)
FNDA:0,(anonymous_3)
DA:6,2
DA:7,2
DA:8,2
DA:9,2
DA:11,2
DA:12,0
DA:13,0
DA:14,0
DA:18,0
DA:19,0
DA:23,0
DA:25,0
DA:26,0
DA:30,2
DA:31,0
DA:32,0
DA:33,0
DA:36,0
DA:38,0
LF:19
LH:6
BRF:0
BRH:0
end_of_record
